Log file open, 02/24/23 16:52:26
LogWindows: Failed to load 'aqProf.dll' (GetLastError=126)
LogWindows: File 'aqProf.dll' does not exist
LogWindows: Failed to load 'VtuneApi.dll' (GetLastError=126)
LogWindows: File 'VtuneApi.dll' does not exist
LogWindows: Failed to load 'VtuneApi32e.dll' (GetLastError=126)
LogWindows: File 'VtuneApi32e.dll' does not exist
LogConsoleResponse: Display: Failed to find resolution value strings in scalability ini. Falling back to default.
LogConsoleResponse: Display: Failed to find resolution value strings in scalability ini. Falling back to default.
LogInit: Display: Running engine for game: NWC
LogPlatformFile: Not using cached read wrapper
LogTaskGraph: Started task graph with 5 named threads and 35 total threads with 3 sets of task threads.
LogStats: Stats thread started at 6.966841
LogICUInternationalization: ICU TimeZone Detection - Raw Offset: +0:00, Platform Override: ''
LogInit: Display: Loading text-based GConfig....
LogPluginManager: Mounting plugin MeshPainting
LogPluginManager: Mounting plugin XGEController
LogPluginManager: Mounting plugin Paper2D
LogPluginManager: Mounting plugin CameraShakePreviewer
LogPluginManager: Mounting plugin GameplayCameras
LogPluginManager: Mounting plugin OodleData
LogPluginManager: Mounting plugin OodleNetwork
LogPluginManager: Mounting plugin AISupport
LogPluginManager: Mounting plugin EnvironmentQueryEditor
LogPluginManager: Mounting plugin LiveLink
LogPluginManager: Mounting plugin LightPropagationVolume
LogPluginManager: Mounting plugin AssetManagerEditor
LogPluginManager: Mounting plugin CryptoKeys
LogPluginManager: Mounting plugin FacialAnimation
LogPluginManager: Mounting plugin CurveEditorTools
LogPluginManager: Mounting plugin DataValidation
LogPluginManager: Mounting plugin GeometryMode
LogPluginManager: Mounting plugin MaterialAnalyzer
LogPluginManager: Mounting plugin MacGraphicsSwitching
LogPluginManager: Mounting plugin MobileLauncherProfileWizard
LogPluginManager: Mounting plugin PluginBrowser
LogPluginManager: Mounting plugin SpeedTreeImporter
LogPluginManager: Mounting plugin AnimationSharing
LogPluginManager: Mounting plugin CLionSourceCodeAccess
LogPluginManager: Mounting plugin GitSourceControl
LogPluginManager: Mounting plugin KDevelopSourceCodeAccess
LogPluginManager: Mounting plugin PerforceSourceControl
LogPluginManager: Mounting plugin PixWinPlugin
LogPluginManager: Mounting plugin PlasticSourceControl
LogPluginManager: Mounting plugin NullSourceCodeAccess
LogPluginManager: Mounting plugin PropertyAccessNode
LogPluginManager: Mounting plugin RiderSourceCodeAccess
LogPluginManager: Mounting plugin SubversionSourceControl
LogPluginManager: Mounting plugin TextureFormatOodle
LogPluginManager: Mounting plugin UObjectPlugin
LogPluginManager: Mounting plugin VisualStudioCodeSourceCodeAccess
LogPluginManager: Mounting plugin VisualStudioSourceCodeAccess
LogPluginManager: Mounting plugin DatasmithContent
LogPluginManager: Mounting plugin XCodeSourceCodeAccess
LogPluginManager: Mounting plugin VariantManagerContent
LogPluginManager: Mounting plugin Niagara
LogPluginManager: Mounting plugin AlembicImporter
LogPluginManager: Mounting plugin AutomationUtils
LogPluginManager: Mounting plugin BackChannel
LogPluginManager: Mounting plugin ChaosCloth
LogPluginManager: Mounting plugin ChaosClothEditor
LogPluginManager: Mounting plugin ChaosEditor
LogPluginManager: Mounting plugin ChaosNiagara
LogPluginManager: Mounting plugin ChaosSolverPlugin
LogPluginManager: Mounting plugin LuminPlatformFeatures
LogPluginManager: Mounting plugin MagicLeap
LogPluginManager: Mounting plugin AndroidMedia
LogPluginManager: Mounting plugin AvfMedia
LogPluginManager: Mounting plugin CodeLiteSourceCodeAccess
LogPluginManager: Mounting plugin MagicLeapLightEstimation
LogPluginManager: Mounting plugin MagicLeapMedia
LogPluginManager: Mounting plugin ImgMedia
LogPluginManager: Mounting plugin MediaCompositing
LogPluginManager: Mounting plugin MagicLeapPassableWorld
LogPluginManager: Mounting plugin MediaPlayerEditor
LogPluginManager: Mounting plugin MLSDK
LogPluginManager: Mounting plugin WebMMedia
LogPluginManager: Mounting plugin WmfMedia
LogPluginManager: Mounting plugin GeometryCache
LogPluginManager: Mounting plugin GeometryCollectionPlugin
LogPluginManager: Mounting plugin GeometryProcessing
LogPluginManager: Mounting plugin MotoSynth
LogPluginManager: Mounting plugin OpenImageDenoise
LogPluginManager: Mounting plugin PlanarCut
LogPluginManager: Mounting plugin PlatformCrypto
LogPluginManager: Mounting plugin ProxyLODPlugin
LogPluginManager: Mounting plugin PythonScriptPlugin
LogPluginManager: Mounting plugin TcpMessaging
LogPluginManager: Mounting plugin SkeletalReduction
LogPluginManager: Mounting plugin UdpMessaging
LogPluginManager: Mounting plugin ActorSequence
LogPluginManager: Mounting plugin LevelSequenceEditor
LogPluginManager: Mounting plugin MatineeToLevelSequence
LogPluginManager: Mounting plugin TemplateSequence
LogPluginManager: Mounting plugin OnlineSubsystem
LogPluginManager: Mounting plugin OnlineSubsystemNull
LogPluginManager: Mounting plugin OnlineSubsystemUtils
LogPluginManager: Mounting plugin LauncherChunkInstaller
LogPluginManager: Mounting plugin ActorLayerUtilities
LogPluginManager: Mounting plugin AndroidDeviceProfileSelector
LogPluginManager: Mounting plugin AndroidPermission
LogPluginManager: Mounting plugin AndroidMoviePlayer
LogPluginManager: Mounting plugin AppleImageUtils
LogPluginManager: Mounting plugin ArchVisCharacter
LogPluginManager: Mounting plugin AssetTags
LogPluginManager: Mounting plugin AudioCapture
LogPluginManager: Mounting plugin AudioSynesthesia
LogPluginManager: Mounting plugin CableComponent
LogPluginManager: Mounting plugin ChunkDownloader
LogPluginManager: Mounting plugin CustomMeshComponent
LogPluginManager: Mounting plugin CharacterAI
LogPluginManager: Mounting plugin EditableMesh
LogPluginManager: Mounting plugin ExampleDeviceProfileSelector
LogPluginManager: Mounting plugin PluginUtils
LogPluginManager: Mounting plugin GameplayTagsEditor
LogPluginManager: Mounting plugin AppleMoviePlayer
LogPluginManager: Mounting plugin ScreenshotTools
LogPluginManager: Mounting plugin GooglePAD
LogPluginManager: Mounting plugin GoogleCloudMessaging
LogPluginManager: Mounting plugin LinuxDeviceProfileSelector
LogPluginManager: Mounting plugin IOSDeviceProfileSelector
LogPluginManager: Mounting plugin LocationServicesBPLibrary
LogPluginManager: Mounting plugin MobilePatchingUtils
LogPluginManager: Mounting plugin Takes
LogPluginManager: Mounting plugin OpenXR
LogPluginManager: Mounting plugin OpenXREyeTracker
LogPluginManager: Mounting plugin OpenXRHandTracking
LogPluginManager: Mounting plugin PhysXVehicles
LogPluginManager: Mounting plugin PostSplashScreen
LogPluginManager: Mounting plugin ProceduralMeshComponent
LogPluginManager: Mounting plugin PropertyAccessEditor
LogPluginManager: Mounting plugin RuntimePhysXCooking
LogPluginManager: Mounting plugin SignificanceManager
LogPluginManager: Mounting plugin SoundFields
LogPluginManager: Mounting plugin Synthesis
LogPluginManager: Mounting plugin WindowsMoviePlayer
LogPluginManager: Mounting plugin WebMMoviePlayer
LogPluginManager: Mounting plugin ContentBrowserAssetDataSource
LogPluginManager: Mounting plugin ContentBrowserClassDataSource
LogPluginManager: Mounting plugin ContentBrowserFileDataSource
LogPluginManager: Mounting plugin OnlineSubsystemGooglePlay
LogPluginManager: Mounting plugin OnlineSubsystemIOS
LogPluginManager: Mounting plugin OculusVR
LogPluginManager: Mounting plugin SteamVR
PixWinPlugin: PIX capture plugin failed to initialize! Check that the process is launched from PIX.
LogInit: Using libcurl 7.55.1-DEV
LogInit:  - built for x86_64-pc-win32
LogInit:  - supports SSL with OpenSSL/1.1.1
LogInit:  - supports HTTP deflate (compression) using libz 1.2.8
LogInit:  - other features:
LogInit:      CURL_VERSION_SSL
LogInit:      CURL_VERSION_LIBZ
LogInit:      CURL_VERSION_IPV6
LogInit:      CURL_VERSION_ASYNCHDNS
LogInit:      CURL_VERSION_LARGEFILE
LogInit:      CURL_VERSION_IDN
LogInit:  CurlRequestOptions (configurable via config and command line):
LogInit:  - bVerifyPeer = true  - Libcurl will verify peer certificate
LogInit:  - bUseHttpProxy = false  - Libcurl will NOT use HTTP proxy
LogInit:  - bDontReuseConnections = false  - Libcurl will reuse connections
LogInit:  - MaxHostConnections = 16  - Libcurl will limit the number of connections to a host
LogInit:  - LocalHostAddr = Default
LogInit:  - BufferSize = 65536
LogOnline: OSS: Creating online subsystem instance for: NULL
LogInit: WinSock: version 1.1 (2.2), MaxSocks=32767, MaxUdp=65467
LogOnline: OSS: TryLoadSubsystemAndSetDefault: Loaded subsystem for module [NULL]
LogOculusPluginWrapper: OculusPlugin initialized successfully
LogHMD: Failed initializing OVRPlugin 1.59.0
LogInit: Build: ++UE4+Release-4.27-CL-18319896
LogInit: Engine Version: 4.27.2-18319896+++UE4+Release-4.27
LogInit: Compatible Engine Version: 4.27.0-17155196+++UE4+Release-4.27
LogInit: Net CL: 17155196
LogInit: OS: Windows 10 (Release 2009) (), CPU: Intel(R) Core(TM) i7-8700 CPU @ 3.20GHz, GPU: NVIDIA GeForce GTX 1660
LogInit: Compiled (64-bit): Nov 30 2021 07:12:08
LogInit: Compiled with Visual C++: 19.24.28315.00
LogInit: Build Configuration: Development
LogInit: Branch Name: ++UE4+Release-4.27
LogInit: Command Line: 
LogInit: Base Directory: C:/Program Files/Epic Games/UE_4.27/Engine/Binaries/Win64/
LogInit: Allocator: TBB
LogInit: Installed Engine Build: 1
LogDevObjectVersion: Number of dev versions registered: 29
LogDevObjectVersion:   Dev-Blueprints (B0D832E4-1F89-4F0D-ACCF-7EB736FD4AA2): 10
LogDevObjectVersion:   Dev-Build (E1C64328-A22C-4D53-A36C-8E866417BD8C): 0
LogDevObjectVersion:   Dev-Core (375EC13C-06E4-48FB-B500-84F0262A717E): 4
LogDevObjectVersion:   Dev-Editor (E4B068ED-F494-42E9-A231-DA0B2E46BB41): 40
LogDevObjectVersion:   Dev-Framework (CFFC743F-43B0-4480-9391-14DF171D2073): 37
LogDevObjectVersion:   Dev-Mobile (B02B49B5-BB20-44E9-A304-32B752E40360): 3
LogDevObjectVersion:   Dev-Networking (A4E4105C-59A1-49B5-A7C5-40C4547EDFEE): 0
LogDevObjectVersion:   Dev-Online (39C831C9-5AE6-47DC-9A44-9C173E1C8E7C): 0
LogDevObjectVersion:   Dev-Physics (78F01B33-EBEA-4F98-B9B4-84EACCB95AA2): 14
LogDevObjectVersion:   Dev-Platform (6631380F-2D4D-43E0-8009-CF276956A95A): 0
LogDevObjectVersion:   Dev-Rendering (12F88B9F-8875-4AFC-A67C-D90C383ABD29): 45
LogDevObjectVersion:   Dev-Sequencer (7B5AE74C-D270-4C10-A958-57980B212A5A): 13
LogDevObjectVersion:   Dev-VR (D7296918-1DD6-4BDD-9DE2-64A83CC13884): 3
LogDevObjectVersion:   Dev-LoadTimes (C2A15278-BFE7-4AFE-6C17-90FF531DF755): 1
LogDevObjectVersion:   Private-Geometry (6EACA3D4-40EC-4CC1-B786-8BED09428FC5): 3
LogDevObjectVersion:   Dev-AnimPhys (29E575DD-E0A3-4627-9D10-D276232CDCEA): 17
LogDevObjectVersion:   Dev-Anim (AF43A65D-7FD3-4947-9873-3E8ED9C1BB05): 15
LogDevObjectVersion:   Dev-ReflectionCapture (6B266CEC-1EC7-4B8F-A30B-E4D90942FC07): 1
LogDevObjectVersion:   Dev-Automation (0DF73D61-A23F-47EA-B727-89E90C41499A): 1
LogDevObjectVersion:   FortniteMain (601D1886-AC64-4F84-AA16-D3DE0DEAC7D6): 47
LogDevObjectVersion:   FortniteRelease (E7086368-6B23-4C58-8439-1B7016265E91): 1
LogDevObjectVersion:   Dev-Enterprise (9DFFBCD6-494F-0158-E221-12823C92A888): 10
LogDevObjectVersion:   Dev-Niagara (F2AED0AC-9AFE-416F-8664-AA7FFA26D6FC): 1
LogDevObjectVersion:   Dev-Destruction (174F1F0B-B4C6-45A5-B13F-2EE8D0FB917D): 10
LogDevObjectVersion:   Dev-Physics-Ext (35F94A83-E258-406C-A318-09F59610247C): 41
LogDevObjectVersion:   Dev-PhysicsMaterial-Chaos (B68FC16E-8B1B-42E2-B453-215C058844FE): 1
LogDevObjectVersion:   Dev-CineCamera (B2E18506-4273-CFC2-A54E-F4BB758BBA07): 1
LogDevObjectVersion:   Dev-VirtualProduction (64F58936-FD1B-42BA-BA96-7289D5D0FA4E): 1
LogDevObjectVersion:   Dev-MediaFramework (6F0ED827-A609-4895-9C91-998D90180EA4): 2
LogInit: Presizing for max 25165824 objects, including 0 objects not considered by GC, pre-allocating 0 bytes for permanent pool.
LogConfig: Applying CVar settings from Section [/Script/Engine.StreamingSettings] File [C:/Users/Bogda/Documents/GitHub/Nightmare_Worlds_Collide/NWC/Saved/Config/Windows/Engine.ini]
LogConfig: Setting CVar [[s.MinBulkDataSizeForAsyncLoading:131072]]
LogConfig: Setting CVar [[s.AsyncLoadingThreadEnabled:0]]
LogConfig: Setting CVar [[s.EventDrivenLoaderEnabled:1]]
LogConfig: Setting CVar [[s.WarnIfTimeLimitExceeded:0]]
LogConfig: Setting CVar [[s.TimeLimitExceededMultiplier:1.5]]
LogConfig: Setting CVar [[s.TimeLimitExceededMinTime:0.005]]
LogConfig: Setting CVar [[s.UseBackgroundLevelStreaming:1]]
LogConfig: Setting CVar [[s.PriorityAsyncLoadingExtraTime:15.0]]
LogConfig: Setting CVar [[s.LevelStreamingActorsUpdateTimeLimit:5.0]]
LogConfig: Setting CVar [[s.PriorityLevelStreamingActorsUpdateExtraTime:5.0]]
LogConfig: Setting CVar [[s.LevelStreamingComponentsRegistrationGranularity:10]]
LogConfig: Setting CVar [[s.UnregisterComponentsTimeLimit:1.0]]
LogConfig: Setting CVar [[s.LevelStreamingComponentsUnregistrationGranularity:5]]
LogConfig: Setting CVar [[s.FlushStreamingOnExit:1]]
LogInit: Object subsystem initialized
LogConfig: Setting CVar [[con.DebugEarlyDefault:1]]
LogConfig: Setting CVar [[r.setres:1280x720]]
[2023.02.24-16.52.34:204][  0]LogConfig: Setting CVar [[r.VSync:0]]
[2023.02.24-16.52.34:204][  0]LogConfig: Setting CVar [[r.RHICmdBypass:0]]
[2023.02.24-16.52.34:204][  0]LogConfig: Applying CVar settings from Section [/Script/Engine.RendererSettings] File [C:/Users/Bogda/Documents/GitHub/Nightmare_Worlds_Collide/NWC/Saved/Config/Windows/Engine.ini]
[2023.02.24-16.52.34:204][  0]LogConfig: Setting CVar [[r.GPUCrashDebugging:0]]
[2023.02.24-16.52.34:204][  0]LogConfig: Applying CVar settings from Section [/Script/Engine.RendererOverrideSettings] File [C:/Users/Bogda/Documents/GitHub/Nightmare_Worlds_Collide/NWC/Saved/Config/Windows/Engine.ini]
[2023.02.24-16.52.34:204][  0]LogConfig: Applying CVar settings from Section [/Script/Engine.StreamingSettings] File [C:/Users/Bogda/Documents/GitHub/Nightmare_Worlds_Collide/NWC/Saved/Config/Windows/Engine.ini]
[2023.02.24-16.52.34:204][  0]LogConfig: Setting CVar [[s.MinBulkDataSizeForAsyncLoading:131072]]
[2023.02.24-16.52.34:204][  0]LogConfig: Setting CVar [[s.AsyncLoadingThreadEnabled:0]]
[2023.02.24-16.52.34:204][  0]LogConfig: Setting CVar [[s.EventDrivenLoaderEnabled:1]]
[2023.02.24-16.52.34:204][  0]LogConfig: Setting CVar [[s.WarnIfTimeLimitExceeded:0]]
[2023.02.24-16.52.34:204][  0]LogConfig: Setting CVar [[s.TimeLimitExceededMultiplier:1.5]]
[2023.02.24-16.52.34:204][  0]LogConfig: Setting CVar [[s.TimeLimitExceededMinTime:0.005]]
[2023.02.24-16.52.34:204][  0]LogConfig: Setting CVar [[s.UseBackgroundLevelStreaming:1]]
[2023.02.24-16.52.34:204][  0]LogConfig: Setting CVar [[s.PriorityAsyncLoadingExtraTime:15.0]]
[2023.02.24-16.52.34:204][  0]LogConfig: Setting CVar [[s.LevelStreamingActorsUpdateTimeLimit:5.0]]
[2023.02.24-16.52.34:204][  0]LogConfig: Setting CVar [[s.PriorityLevelStreamingActorsUpdateExtraTime:5.0]]
[2023.02.24-16.52.34:204][  0]LogConfig: Setting CVar [[s.LevelStreamingComponentsRegistrationGranularity:10]]
[2023.02.24-16.52.34:204][  0]LogConfig: Setting CVar [[s.UnregisterComponentsTimeLimit:1.0]]
[2023.02.24-16.52.34:204][  0]LogConfig: Setting CVar [[s.LevelStreamingComponentsUnregistrationGranularity:5]]
[2023.02.24-16.52.34:204][  0]LogConfig: Setting CVar [[s.FlushStreamingOnExit:1]]
[2023.02.24-16.52.34:204][  0]LogConfig: Applying CVar settings from Section [/Script/Engine.GarbageCollectionSettings] File [C:/Users/Bogda/Documents/GitHub/Nightmare_Worlds_Collide/NWC/Saved/Config/Windows/Engine.ini]
[2023.02.24-16.52.34:204][  0]LogConfig: Setting CVar [[gc.MaxObjectsNotConsideredByGC:1]]
[2023.02.24-16.52.34:204][  0]LogConfig: Setting CVar [[gc.SizeOfPermanentObjectPool:0]]
[2023.02.24-16.52.34:204][  0]LogConfig: Setting CVar [[gc.FlushStreamingOnGC:0]]
[2023.02.24-16.52.34:204][  0]LogConfig: Setting CVar [[gc.NumRetriesBeforeForcingGC:10]]
[2023.02.24-16.52.34:205][  0]LogConfig: Setting CVar [[gc.AllowParallelGC:1]]
[2023.02.24-16.52.34:205][  0]LogConfig: Setting CVar [[gc.TimeBetweenPurgingPendingKillObjects:61.1]]
[2023.02.24-16.52.34:205][  0]LogConfig: Setting CVar [[gc.MaxObjectsInEditor:25165824]]
[2023.02.24-16.52.34:205][  0]LogConfig: Setting CVar [[gc.IncrementalBeginDestroyEnabled:1]]
[2023.02.24-16.52.34:205][  0]LogConfig: Setting CVar [[gc.CreateGCClusters:1]]
[2023.02.24-16.52.34:205][  0]LogConfig: Setting CVar [[gc.MinGCClusterSize:5]]
[2023.02.24-16.52.34:205][  0]LogConfig: Setting CVar [[gc.ActorClusteringEnabled:0]]
[2023.02.24-16.52.34:205][  0]LogConfig: Setting CVar [[gc.BlueprintClusteringEnabled:0]]
[2023.02.24-16.52.34:205][  0]LogConfig: Setting CVar [[gc.UseDisregardForGCOnDedicatedServers:0]]
[2023.02.24-16.52.34:205][  0]LogConfig: Setting CVar [[gc.MultithreadedDestructionEnabled:1]]
[2023.02.24-16.52.34:205][  0]LogConfig: Applying CVar settings from Section [/Script/Engine.NetworkSettings] File [C:/Users/Bogda/Documents/GitHub/Nightmare_Worlds_Collide/NWC/Saved/Config/Windows/Engine.ini]
[2023.02.24-16.52.34:205][  0]LogConfig: Applying CVar settings from Section [/Script/UnrealEd.CookerSettings] File [C:/Users/Bogda/Documents/GitHub/Nightmare_Worlds_Collide/NWC/Saved/Config/Windows/Engine.ini]
[2023.02.24-16.52.34:216][  0]LogConfig: Applying CVar settings from Section [ViewDistanceQuality@3] File [C:/Users/Bogda/Documents/GitHub/Nightmare_Worlds_Collide/NWC/Saved/Config/Windows/Scalability.ini]
[2023.02.24-16.52.34:216][  0]LogConfig: Setting CVar [[r.SkeletalMeshLODBias:0]]
[2023.02.24-16.52.34:216][  0]LogConfig: Setting CVar [[r.ViewDistanceScale:1.0]]
[2023.02.24-16.52.34:216][  0]LogConfig: Applying CVar settings from Section [AntiAliasingQuality@3] File [C:/Users/Bogda/Documents/GitHub/Nightmare_Worlds_Collide/NWC/Saved/Config/Windows/Scalability.ini]
[2023.02.24-16.52.34:216][  0]LogConfig: Setting CVar [[r.PostProcessAAQuality:4]]
[2023.02.24-16.52.34:216][  0]LogConfig: Applying CVar settings from Section [ShadowQuality@3] File [C:/Users/Bogda/Documents/GitHub/Nightmare_Worlds_Collide/NWC/Saved/Config/Windows/Scalability.ini]
[2023.02.24-16.52.34:216][  0]LogConfig: Setting CVar [[r.LightFunctionQuality:1]]
[2023.02.24-16.52.34:216][  0]LogConfig: Setting CVar [[r.ShadowQuality:5]]
[2023.02.24-16.52.34:216][  0]LogConfig: Setting CVar [[r.Shadow.CSM.MaxCascades:10]]
[2023.02.24-16.52.34:216][  0]LogConfig: Setting CVar [[r.Shadow.MaxResolution:2048]]
[2023.02.24-16.52.34:216][  0]LogConfig: Setting CVar [[r.Shadow.MaxCSMResolution:2048]]
[2023.02.24-16.52.34:216][  0]LogConfig: Setting CVar [[r.Shadow.RadiusThreshold:0.01]]
[2023.02.24-16.52.34:216][  0]LogConfig: Setting CVar [[r.Shadow.DistanceScale:1.0]]
[2023.02.24-16.52.34:216][  0]LogConfig: Setting CVar [[r.Shadow.CSM.TransitionScale:1.0]]
[2023.02.24-16.52.34:216][  0]LogConfig: Setting CVar [[r.Shadow.PreShadowResolutionFactor:1.0]]
[2023.02.24-16.52.34:216][  0]LogConfig: Setting CVar [[r.DistanceFieldShadowing:1]]
[2023.02.24-16.52.34:216][  0]LogConfig: Setting CVar [[r.DistanceFieldAO:1]]
[2023.02.24-16.52.34:216][  0]LogConfig: Setting CVar [[r.AOQuality:2]]
[2023.02.24-16.52.34:216][  0]LogConfig: Setting CVar [[r.VolumetricFog:1]]
[2023.02.24-16.52.34:216][  0]LogConfig: Setting CVar [[r.VolumetricFog.GridPixelSize:8]]
[2023.02.24-16.52.34:216][  0]LogConfig: Setting CVar [[r.VolumetricFog.GridSizeZ:128]]
[2023.02.24-16.52.34:216][  0]LogConfig: Setting CVar [[r.VolumetricFog.HistoryMissSupersampleCount:4]]
[2023.02.24-16.52.34:216][  0]LogConfig: Setting CVar [[r.LightMaxDrawDistanceScale:1]]
[2023.02.24-16.52.34:216][  0]LogConfig: Setting CVar [[r.CapsuleShadows:1]]
[2023.02.24-16.52.34:216][  0]LogConfig: Applying CVar settings from Section [PostProcessQuality@3] File [C:/Users/Bogda/Documents/GitHub/Nightmare_Worlds_Collide/NWC/Saved/Config/Windows/Scalability.ini]
[2023.02.24-16.52.34:216][  0]LogConfig: Setting CVar [[r.MotionBlurQuality:4]]
[2023.02.24-16.52.34:216][  0]LogConfig: Setting CVar [[r.AmbientOcclusionMipLevelFactor:0.4]]
[2023.02.24-16.52.34:216][  0]LogConfig: Setting CVar [[r.AmbientOcclusionMaxQuality:100]]
[2023.02.24-16.52.34:216][  0]LogConfig: Setting CVar [[r.AmbientOcclusionLevels:-1]]
[2023.02.24-16.52.34:216][  0]LogConfig: Setting CVar [[r.AmbientOcclusionRadiusScale:1.0]]
[2023.02.24-16.52.34:216][  0]LogConfig: Setting CVar [[r.DepthOfFieldQuality:2]]
[2023.02.24-16.52.34:216][  0]LogConfig: Setting CVar [[r.RenderTargetPoolMin:400]]
[2023.02.24-16.52.34:217][  0]LogConfig: Setting CVar [[r.LensFlareQuality:2]]
[2023.02.24-16.52.34:217][  0]LogConfig: Setting CVar [[r.SceneColorFringeQuality:1]]
[2023.02.24-16.52.34:217][  0]LogConfig: Setting CVar [[r.EyeAdaptationQuality:2]]
[2023.02.24-16.52.34:217][  0]LogConfig: Setting CVar [[r.BloomQuality:5]]
[2023.02.24-16.52.34:217][  0]LogConfig: Setting CVar [[r.FastBlurThreshold:100]]
[2023.02.24-16.52.34:217][  0]LogConfig: Setting CVar [[r.Upscale.Quality:3]]
[2023.02.24-16.52.34:217][  0]LogConfig: Setting CVar [[r.Tonemapper.GrainQuantization:1]]
[2023.02.24-16.52.34:217][  0]LogConfig: Setting CVar [[r.LightShaftQuality:1]]
[2023.02.24-16.52.34:217][  0]LogConfig: Setting CVar [[r.Filter.SizeScale:1]]
[2023.02.24-16.52.34:217][  0]LogConfig: Setting CVar [[r.Tonemapper.Quality:5]]
[2023.02.24-16.52.34:217][  0]LogConfig: Setting CVar [[r.DOF.Gather.AccumulatorQuality:1        ; higher gathering accumulator quality]]
[2023.02.24-16.52.34:217][  0]LogConfig: Setting CVar [[r.DOF.Gather.PostfilterMethod:1          ; Median3x3 postfilering method]]
[2023.02.24-16.52.34:217][  0]LogConfig: Setting CVar [[r.DOF.Gather.EnableBokehSettings:0       ; no bokeh simulation when gathering]]
[2023.02.24-16.52.34:217][  0]LogConfig: Setting CVar [[r.DOF.Gather.RingCount:4                 ; medium number of samples when gathering]]
[2023.02.24-16.52.34:217][  0]LogConfig: Setting CVar [[r.DOF.Scatter.ForegroundCompositing:1    ; additive foreground scattering]]
[2023.02.24-16.52.34:217][  0]LogConfig: Setting CVar [[r.DOF.Scatter.BackgroundCompositing:2    ; additive background scattering]]
[2023.02.24-16.52.34:217][  0]LogConfig: Setting CVar [[r.DOF.Scatter.EnableBokehSettings:1      ; bokeh simulation when scattering]]
[2023.02.24-16.52.34:217][  0]LogConfig: Setting CVar [[r.DOF.Scatter.MaxSpriteRatio:0.1         ; only a maximum of 10% of scattered bokeh]]
[2023.02.24-16.52.34:217][  0]LogConfig: Setting CVar [[r.DOF.Recombine.Quality:1                ; cheap slight out of focus]]
[2023.02.24-16.52.34:217][  0]LogConfig: Setting CVar [[r.DOF.Recombine.EnableBokehSettings:0    ; no bokeh simulation on slight out of focus]]
[2023.02.24-16.52.34:217][  0]LogConfig: Setting CVar [[r.DOF.TemporalAAQuality:1                ; more stable temporal accumulation]]
[2023.02.24-16.52.34:217][  0]LogConfig: Setting CVar [[r.DOF.Kernel.MaxForegroundRadius:0.025]]
[2023.02.24-16.52.34:217][  0]LogConfig: Setting CVar [[r.DOF.Kernel.MaxBackgroundRadius:0.025]]
[2023.02.24-16.52.34:217][  0]LogConfig: Applying CVar settings from Section [TextureQuality@3] File [C:/Users/Bogda/Documents/GitHub/Nightmare_Worlds_Collide/NWC/Saved/Config/Windows/Scalability.ini]
[2023.02.24-16.52.34:217][  0]LogConfig: Setting CVar [[r.Streaming.MipBias:0]]
[2023.02.24-16.52.34:217][  0]LogConfig: Setting CVar [[r.Streaming.AmortizeCPUToGPUCopy:0]]
[2023.02.24-16.52.34:217][  0]LogConfig: Setting CVar [[r.Streaming.MaxNumTexturesToStreamPerFrame:0]]
[2023.02.24-16.52.34:217][  0]LogConfig: Setting CVar [[r.Streaming.Boost:1]]
[2023.02.24-16.52.34:217][  0]LogConfig: Setting CVar [[r.MaxAnisotropy:8]]
[2023.02.24-16.52.34:217][  0]LogConfig: Setting CVar [[r.VT.MaxAnisotropy:8]]
[2023.02.24-16.52.34:217][  0]LogConfig: Setting CVar [[r.Streaming.LimitPoolSizeToVRAM:0]]
[2023.02.24-16.52.34:217][  0]LogConfig: Setting CVar [[r.Streaming.PoolSize:1000]]
[2023.02.24-16.52.34:217][  0]LogConfig: Setting CVar [[r.Streaming.MaxEffectiveScreenSize:0]]
[2023.02.24-16.52.34:217][  0]LogConfig: Applying CVar settings from Section [EffectsQuality@3] File [C:/Users/Bogda/Documents/GitHub/Nightmare_Worlds_Collide/NWC/Saved/Config/Windows/Scalability.ini]
[2023.02.24-16.52.34:217][  0]LogConfig: Setting CVar [[r.TranslucencyLightingVolumeDim:64]]
[2023.02.24-16.52.34:217][  0]LogConfig: Setting CVar [[r.RefractionQuality:2]]
[2023.02.24-16.52.34:217][  0]LogConfig: Setting CVar [[r.SSR.Quality:3]]
[2023.02.24-16.52.34:217][  0]LogConfig: Setting CVar [[r.SSR.HalfResSceneColor:0]]
[2023.02.24-16.52.34:217][  0]LogConfig: Setting CVar [[r.SceneColorFormat:4]]
[2023.02.24-16.52.34:217][  0]LogConfig: Setting CVar [[r.DetailMode:2]]
[2023.02.24-16.52.34:217][  0]LogConfig: Setting CVar [[r.TranslucencyVolumeBlur:1]]
[2023.02.24-16.52.34:217][  0]LogConfig: Setting CVar [[r.MaterialQualityLevel:1 ; High quality]]
[2023.02.24-16.52.34:217][  0]LogConfig: Setting CVar [[r.AnisotropicMaterials:1]]
[2023.02.24-16.52.34:217][  0]LogConfig: Setting CVar [[r.SSS.Scale:1]]
[2023.02.24-16.52.34:217][  0]LogConfig: Setting CVar [[r.SSS.SampleSet:2]]
[2023.02.24-16.52.34:217][  0]LogConfig: Setting CVar [[r.SSS.Quality:1]]
[2023.02.24-16.52.34:217][  0]LogConfig: Setting CVar [[r.SSS.HalfRes:0]]
[2023.02.24-16.52.34:217][  0]LogConfig: Setting CVar [[r.SSGI.Quality:3]]
[2023.02.24-16.52.34:217][  0]LogConfig: Setting CVar [[r.EmitterSpawnRateScale:1.0]]
[2023.02.24-16.52.34:217][  0]LogConfig: Setting CVar [[r.ParticleLightQuality:2]]
[2023.02.24-16.52.34:217][  0]LogConfig: Setting CVar [[r.SkyAtmosphere.AerialPerspectiveLUT.FastApplyOnOpaque:1 ; Always have FastSkyLUT 1 in this case to avoid wrong sky]]
[2023.02.24-16.52.34:217][  0]LogConfig: Setting CVar [[r.SkyAtmosphere.AerialPerspectiveLUT.SampleCountMaxPerSlice:4]]
[2023.02.24-16.52.34:217][  0]LogConfig: Setting CVar [[r.SkyAtmosphere.AerialPerspectiveLUT.DepthResolution:16.0]]
[2023.02.24-16.52.34:217][  0]LogConfig: Setting CVar [[r.SkyAtmosphere.FastSkyLUT:1]]
[2023.02.24-16.52.34:217][  0]LogConfig: Setting CVar [[r.SkyAtmosphere.FastSkyLUT.SampleCountMin:4.0]]
[2023.02.24-16.52.34:217][  0]LogConfig: Setting CVar [[r.SkyAtmosphere.FastSkyLUT.SampleCountMax:128.0]]
[2023.02.24-16.52.34:217][  0]LogConfig: Setting CVar [[r.SkyAtmosphere.SampleCountMin:4.0]]
[2023.02.24-16.52.34:217][  0]LogConfig: Setting CVar [[r.SkyAtmosphere.SampleCountMax:128.0]]
[2023.02.24-16.52.34:217][  0]LogConfig: Setting CVar [[r.SkyAtmosphere.TransmittanceLUT.UseSmallFormat:0]]
[2023.02.24-16.52.34:217][  0]LogConfig: Setting CVar [[r.SkyAtmosphere.TransmittanceLUT.SampleCount:10.0]]
[2023.02.24-16.52.34:217][  0]LogConfig: Setting CVar [[r.SkyAtmosphere.MultiScatteringLUT.SampleCount:15.0]]
[2023.02.24-16.52.34:217][  0]LogConfig: Setting CVar [[r.SkyLight.RealTimeReflectionCapture:1]]
[2023.02.24-16.52.34:217][  0]LogConfig: Applying CVar settings from Section [FoliageQuality@3] File [C:/Users/Bogda/Documents/GitHub/Nightmare_Worlds_Collide/NWC/Saved/Config/Windows/Scalability.ini]
[2023.02.24-16.52.34:217][  0]LogConfig: Setting CVar [[foliage.DensityScale:1.0]]
[2023.02.24-16.52.34:217][  0]LogConfig: Setting CVar [[grass.DensityScale:1.0]]
[2023.02.24-16.52.34:217][  0]LogConfig: Applying CVar settings from Section [ShadingQuality@3] File [C:/Users/Bogda/Documents/GitHub/Nightmare_Worlds_Collide/NWC/Saved/Config/Windows/Scalability.ini]
[2023.02.24-16.52.34:217][  0]LogConfig: Setting CVar [[r.HairStrands.SkyLighting.IntegrationType:2]]
[2023.02.24-16.52.34:217][  0]LogConfig: Setting CVar [[r.HairStrands.SkyAO.SampleCount:4]]
[2023.02.24-16.52.34:217][  0]LogConfig: Setting CVar [[r.HairStrands.Visibility.MSAA.SamplePerPixel:4]]
[2023.02.24-16.52.34:217][  0]LogInit: Selected Device Profile: [Windows]
[2023.02.24-16.52.34:217][  0]LogInit: Applying CVar settings loaded from the selected device profile: [Windows]
[2023.02.24-16.52.34:217][  0]LogHAL: Display: Platform has ~ 16 GB [17106526208 / 17179869184 / 16], which maps to Larger [LargestMinGB=32, LargerMinGB=12, DefaultMinGB=8, SmallerMinGB=6, SmallestMinGB=0)
[2023.02.24-16.52.34:217][  0]LogInit: Going up to parent DeviceProfile []
[2023.02.24-16.52.34:217][  0]LogConfig: Applying CVar settings from Section [ViewDistanceQuality@Cine] File [C:/Users/Bogda/Documents/GitHub/Nightmare_Worlds_Collide/NWC/Saved/Config/Windows/Scalability.ini]
[2023.02.24-16.52.34:217][  0]LogConfig: Setting CVar [[r.SkeletalMeshLODBias:0]]
[2023.02.24-16.52.34:217][  0]LogConfig: Setting CVar [[r.ViewDistanceScale:10.0]]
[2023.02.24-16.52.34:217][  0]LogConfig: Applying CVar settings from Section [AntiAliasingQuality@Cine] File [C:/Users/Bogda/Documents/GitHub/Nightmare_Worlds_Collide/NWC/Saved/Config/Windows/Scalability.ini]
[2023.02.24-16.52.34:217][  0]LogConfig: Setting CVar [[r.PostProcessAAQuality:6]]
[2023.02.24-16.52.34:217][  0]LogConfig: Applying CVar settings from Section [ShadowQuality@Cine] File [C:/Users/Bogda/Documents/GitHub/Nightmare_Worlds_Collide/NWC/Saved/Config/Windows/Scalability.ini]
[2023.02.24-16.52.34:217][  0]LogConfig: Setting CVar [[r.LightFunctionQuality:1]]
[2023.02.24-16.52.34:217][  0]LogConfig: Setting CVar [[r.ShadowQuality:5]]
[2023.02.24-16.52.34:217][  0]LogConfig: Setting CVar [[r.Shadow.CSM.MaxCascades:10]]
[2023.02.24-16.52.34:217][  0]LogConfig: Setting CVar [[r.Shadow.MaxResolution:4096]]
[2023.02.24-16.52.34:217][  0]LogConfig: Setting CVar [[r.Shadow.MaxCSMResolution:4096]]
[2023.02.24-16.52.34:217][  0]LogConfig: Setting CVar [[r.Shadow.RadiusThreshold:0]]
[2023.02.24-16.52.34:217][  0]LogConfig: Setting CVar [[r.Shadow.DistanceScale:1.0]]
[2023.02.24-16.52.34:217][  0]LogConfig: Setting CVar [[r.Shadow.CSM.TransitionScale:1.0]]
[2023.02.24-16.52.34:217][  0]LogConfig: Setting CVar [[r.Shadow.PreShadowResolutionFactor:1.0]]
[2023.02.24-16.52.34:218][  0]LogConfig: Setting CVar [[r.DistanceFieldShadowing:1]]
[2023.02.24-16.52.34:218][  0]LogConfig: Setting CVar [[r.DistanceFieldAO:1]]
[2023.02.24-16.52.34:218][  0]LogConfig: Setting CVar [[r.AOQuality:2]]
[2023.02.24-16.52.34:218][  0]LogConfig: Setting CVar [[r.VolumetricFog:1]]
[2023.02.24-16.52.34:218][  0]LogConfig: Setting CVar [[r.VolumetricFog.GridPixelSize:4]]
[2023.02.24-16.52.34:218][  0]LogConfig: Setting CVar [[r.VolumetricFog.GridSizeZ:128]]
[2023.02.24-16.52.34:218][  0]LogConfig: Setting CVar [[r.VolumetricFog.HistoryMissSupersampleCount:16]]
[2023.02.24-16.52.34:218][  0]LogConfig: Setting CVar [[r.LightMaxDrawDistanceScale:1]]
[2023.02.24-16.52.34:218][  0]LogConfig: Setting CVar [[r.CapsuleShadows:1]]
[2023.02.24-16.52.34:218][  0]LogConfig: Applying CVar settings from Section [PostProcessQuality@Cine] File [C:/Users/Bogda/Documents/GitHub/Nightmare_Worlds_Collide/NWC/Saved/Config/Windows/Scalability.ini]
[2023.02.24-16.52.34:218][  0]LogConfig: Setting CVar [[r.MotionBlurQuality:4]]
[2023.02.24-16.52.34:218][  0]LogConfig: Setting CVar [[r.AmbientOcclusionMipLevelFactor:0.4]]
[2023.02.24-16.52.34:218][  0]LogConfig: Setting CVar [[r.AmbientOcclusionMaxQuality:100]]
[2023.02.24-16.52.34:218][  0]LogConfig: Setting CVar [[r.AmbientOcclusionLevels:-1]]
[2023.02.24-16.52.34:218][  0]LogConfig: Setting CVar [[r.AmbientOcclusionRadiusScale:1.0]]
[2023.02.24-16.52.34:218][  0]LogConfig: Setting CVar [[r.GTAO.Numangles:4]]
[2023.02.24-16.52.34:218][  0]LogConfig: Setting CVar [[r.DepthOfFieldQuality:4]]
[2023.02.24-16.52.34:218][  0]LogConfig: Setting CVar [[r.RenderTargetPoolMin:1000]]
[2023.02.24-16.52.34:218][  0]LogConfig: Setting CVar [[r.LensFlareQuality:3]]
[2023.02.24-16.52.34:218][  0]LogConfig: Setting CVar [[r.SceneColorFringeQuality:1]]
[2023.02.24-16.52.34:218][  0]LogConfig: Setting CVar [[r.EyeAdaptationQuality:2]]
[2023.02.24-16.52.34:218][  0]LogConfig: Setting CVar [[r.BloomQuality:5]]
[2023.02.24-16.52.34:218][  0]LogConfig: Setting CVar [[r.FastBlurThreshold:100]]
[2023.02.24-16.52.34:218][  0]LogConfig: Setting CVar [[r.Upscale.Quality:3]]
[2023.02.24-16.52.34:218][  0]LogConfig: Setting CVar [[r.Tonemapper.GrainQuantization:1]]
[2023.02.24-16.52.34:218][  0]LogConfig: Setting CVar [[r.LightShaftQuality:1]]
[2023.02.24-16.52.34:218][  0]LogConfig: Setting CVar [[r.Filter.SizeScale:1]]
[2023.02.24-16.52.34:218][  0]LogConfig: Setting CVar [[r.Tonemapper.Quality:5]]
[2023.02.24-16.52.34:218][  0]LogConfig: Setting CVar [[r.DOF.Gather.AccumulatorQuality:1        ; higher gathering accumulator quality]]
[2023.02.24-16.52.34:218][  0]LogConfig: Setting CVar [[r.DOF.Gather.PostfilterMethod:1          ; Median3x3 postfilering method]]
[2023.02.24-16.52.34:218][  0]LogConfig: Setting CVar [[r.DOF.Gather.EnableBokehSettings:1       ; bokeh simulation when gathering]]
[2023.02.24-16.52.34:218][  0]LogConfig: Setting CVar [[r.DOF.Gather.RingCount:5                 ; high number of samples when gathering]]
[2023.02.24-16.52.34:218][  0]LogConfig: Setting CVar [[r.DOF.Scatter.ForegroundCompositing:1    ; additive foreground scattering]]
[2023.02.24-16.52.34:218][  0]LogConfig: Setting CVar [[r.DOF.Scatter.BackgroundCompositing:2    ; background scattering occlusion]]
[2023.02.24-16.52.34:218][  0]LogConfig: Setting CVar [[r.DOF.Scatter.EnableBokehSettings:1      ; no bokeh simulation when scattering]]
[2023.02.24-16.52.34:218][  0]LogConfig: Setting CVar [[r.DOF.Scatter.MaxSpriteRatio:0.25        ; only a maximum of 10% of scattered bokeh]]
[2023.02.24-16.52.34:218][  0]LogConfig: Setting CVar [[r.DOF.Recombine.Quality:2                ; highest slight out of focus]]
[2023.02.24-16.52.34:218][  0]LogConfig: Setting CVar [[r.DOF.Recombine.EnableBokehSettings:1    ; bokeh simulation on slight out of focus]]
[2023.02.24-16.52.34:218][  0]LogConfig: Setting CVar [[r.DOF.TemporalAAQuality:1                ; more stable temporal accumulation]]
[2023.02.24-16.52.34:218][  0]LogConfig: Setting CVar [[r.DOF.Kernel.MaxForegroundRadius:0.025]]
[2023.02.24-16.52.34:218][  0]LogConfig: Setting CVar [[r.DOF.Kernel.MaxBackgroundRadius:0.025]]
[2023.02.24-16.52.34:218][  0]LogConfig: Applying CVar settings from Section [TextureQuality@Cine] File [C:/Users/Bogda/Documents/GitHub/Nightmare_Worlds_Collide/NWC/Saved/Config/Windows/Scalability.ini]
[2023.02.24-16.52.34:218][  0]LogConfig: Setting CVar [[r.Streaming.MipBias:0]]
[2023.02.24-16.52.34:218][  0]LogConfig: Setting CVar [[r.Streaming.AmortizeCPUToGPUCopy:0]]
[2023.02.24-16.52.34:218][  0]LogConfig: Setting CVar [[r.Streaming.MaxNumTexturesToStreamPerFrame:0]]
[2023.02.24-16.52.34:218][  0]LogConfig: Setting CVar [[r.Streaming.Boost:1]]
[2023.02.24-16.52.34:218][  0]LogConfig: Setting CVar [[r.MaxAnisotropy:8]]
[2023.02.24-16.52.34:218][  0]LogConfig: Setting CVar [[r.VT.MaxAnisotropy:8]]
[2023.02.24-16.52.34:218][  0]LogConfig: Setting CVar [[r.Streaming.LimitPoolSizeToVRAM:0]]
[2023.02.24-16.52.34:218][  0]LogConfig: Setting CVar [[r.Streaming.PoolSize:3000]]
[2023.02.24-16.52.34:218][  0]LogConfig: Setting CVar [[r.Streaming.MaxEffectiveScreenSize:0]]
[2023.02.24-16.52.34:218][  0]LogConfig: Applying CVar settings from Section [EffectsQuality@Cine] File [C:/Users/Bogda/Documents/GitHub/Nightmare_Worlds_Collide/NWC/Saved/Config/Windows/Scalability.ini]
[2023.02.24-16.52.34:218][  0]LogConfig: Setting CVar [[r.TranslucencyLightingVolumeDim:64]]
[2023.02.24-16.52.34:218][  0]LogConfig: Setting CVar [[r.RefractionQuality:2]]
[2023.02.24-16.52.34:218][  0]LogConfig: Setting CVar [[r.SSR.Quality:4]]
[2023.02.24-16.52.34:218][  0]LogConfig: Setting CVar [[r.SSR.HalfResSceneColor:0]]
[2023.02.24-16.52.34:218][  0]LogConfig: Setting CVar [[r.SceneColorFormat:4]]
[2023.02.24-16.52.34:218][  0]LogConfig: Setting CVar [[r.DetailMode:2]]
[2023.02.24-16.52.34:218][  0]LogConfig: Setting CVar [[r.TranslucencyVolumeBlur:1]]
[2023.02.24-16.52.34:218][  0]LogConfig: Setting CVar [[r.MaterialQualityLevel:1 ; High quality]]
[2023.02.24-16.52.34:218][  0]LogConfig: Setting CVar [[r.AnisotropicMaterials:1]]
[2023.02.24-16.52.34:218][  0]LogConfig: Setting CVar [[r.SSS.Scale:1]]
[2023.02.24-16.52.34:218][  0]LogConfig: Setting CVar [[r.SSS.SampleSet:2]]
[2023.02.24-16.52.34:218][  0]LogConfig: Setting CVar [[r.SSS.Quality:1]]
[2023.02.24-16.52.34:218][  0]LogConfig: Setting CVar [[r.SSS.HalfRes:0]]
[2023.02.24-16.52.34:218][  0]LogConfig: Setting CVar [[r.SSGI.Quality:4]]
[2023.02.24-16.52.34:218][  0]LogConfig: Setting CVar [[r.EmitterSpawnRateScale:1.0]]
[2023.02.24-16.52.34:218][  0]LogConfig: Setting CVar [[r.ParticleLightQuality:2]]
[2023.02.24-16.52.34:218][  0]LogConfig: Setting CVar [[r.SkyAtmosphere.AerialPerspectiveLUT.FastApplyOnOpaque:0]]
[2023.02.24-16.52.34:218][  0]LogConfig: Setting CVar [[r.SkyAtmosphere.AerialPerspectiveLUT.SampleCountMaxPerSlice:8]]
[2023.02.24-16.52.34:218][  0]LogConfig: Setting CVar [[r.SkyAtmosphere.AerialPerspectiveLUT.DepthResolution:32.0]]
[2023.02.24-16.52.34:218][  0]LogConfig: Setting CVar [[r.SkyAtmosphere.FastSkyLUT:0]]
[2023.02.24-16.52.34:218][  0]LogConfig: Setting CVar [[r.SkyAtmosphere.FastSkyLUT.SampleCountMin:4.0]]
[2023.02.24-16.52.34:218][  0]LogConfig: Setting CVar [[r.SkyAtmosphere.FastSkyLUT.SampleCountMax:256.0]]
[2023.02.24-16.52.34:218][  0]LogConfig: Setting CVar [[r.SkyAtmosphere.SampleCountMin:8.0]]
[2023.02.24-16.52.34:218][  0]LogConfig: Setting CVar [[r.SkyAtmosphere.SampleCountMax:256.0]]
[2023.02.24-16.52.34:218][  0]LogConfig: Setting CVar [[r.SkyAtmosphere.TransmittanceLUT.UseSmallFormat:0]]
[2023.02.24-16.52.34:218][  0]LogConfig: Setting CVar [[r.SkyAtmosphere.TransmittanceLUT.SampleCount:30.0]]
[2023.02.24-16.52.34:218][  0]LogConfig: Setting CVar [[r.SkyAtmosphere.MultiScatteringLUT.SampleCount:20.0]]
[2023.02.24-16.52.34:218][  0]LogConfig: Setting CVar [[r.SkyLight.RealTimeReflectionCapture:1]]
[2023.02.24-16.52.34:218][  0]LogConfig: Applying CVar settings from Section [FoliageQuality@Cine] File [C:/Users/Bogda/Documents/GitHub/Nightmare_Worlds_Collide/NWC/Saved/Config/Windows/Scalability.ini]
[2023.02.24-16.52.34:218][  0]LogConfig: Setting CVar [[foliage.DensityScale:1.0]]
[2023.02.24-16.52.34:218][  0]LogConfig: Setting CVar [[grass.DensityScale:1.0]]
[2023.02.24-16.52.34:218][  0]LogConfig: Applying CVar settings from Section [ShadingQuality@Cine] File [C:/Users/Bogda/Documents/GitHub/Nightmare_Worlds_Collide/NWC/Saved/Config/Windows/Scalability.ini]
[2023.02.24-16.52.34:218][  0]LogConfig: Setting CVar [[r.HairStrands.SkyLighting.IntegrationType:0]]
[2023.02.24-16.52.34:218][  0]LogConfig: Setting CVar [[r.HairStrands.SkyAO.SampleCount:8]]
[2023.02.24-16.52.34:218][  0]LogConfig: Setting CVar [[r.HairStrands.Visibility.MSAA.SamplePerPixel:8]]
[2023.02.24-16.52.34:218][  0]LogConfig: Applying CVar settings from Section [Startup] File [../../../Engine/Config/ConsoleVariables.ini]
[2023.02.24-16.52.34:397][  0]LogConfig: Setting CVar [[net.UseAdaptiveNetUpdateFrequency:0]]
[2023.02.24-16.52.34:397][  0]LogConfig: Setting CVar [[p.chaos.AllowCreatePhysxBodies:1]]
[2023.02.24-16.52.34:397][  0]LogConfig: Setting CVar [[fx.SkipVectorVMBackendOptimizations:1]]
[2023.02.24-16.52.34:397][  0]LogConfig: Applying CVar settings from Section [ConsoleVariables] File [C:/Users/Bogda/Documents/GitHub/Nightmare_Worlds_Collide/NWC/Saved/Config/Windows/Engine.ini]
[2023.02.24-16.52.34:397][  0]LogConfig: Applying CVar settings from Section [ConsoleVariables] File [C:/Users/Bogda/Documents/GitHub/Nightmare_Worlds_Collide/NWC/Saved/Config/Windows/Editor.ini]
[2023.02.24-16.52.34:397][  0]LogInit: Computer: DESKTOP-U7QK1P2
[2023.02.24-16.52.34:397][  0]LogInit: User: Bogda
[2023.02.24-16.52.34:397][  0]LogInit: CPU Page size=4096, Cores=6
[2023.02.24-16.52.34:397][  0]LogInit: High frequency timer resolution =10.000000 MHz
[2023.02.24-16.52.34:397][  0]LogMemory: Memory total: Physical=15.9GB (16GB approx)
[2023.02.24-16.52.34:397][  0]LogMemory: Platform Memory Stats for Windows
[2023.02.24-16.52.34:397][  0]LogMemory: Process Physical Memory: 145.81 MB used, 145.82 MB peak
[2023.02.24-16.52.34:397][  0]LogMemory: Process Virtual Memory: 128.56 MB used, 128.56 MB peak
[2023.02.24-16.52.34:397][  0]LogMemory: Physical Memory: 4834.68 MB used,  11479.38 MB free, 16314.05 MB total
[2023.02.24-16.52.34:397][  0]LogMemory: Virtual Memory: 134203400.00 MB used,  14324.07 MB free, 134217728.00 MB total
[2023.02.24-16.52.34:402][  0]LogWindows: WindowsPlatformFeatures enabled
[2023.02.24-16.52.37:482][  0]LogInit: Physics initialised using underlying interface: PhysX
[2023.02.24-16.52.37:512][  0]LogInit: Using OS detected language (en-GB).
[2023.02.24-16.52.37:512][  0]LogInit: Using OS detected locale (en-GB).
[2023.02.24-16.52.38:079][  0]LogTextLocalizationManager: No specific localization for 'en-GB' exists, so the 'en' localization will be used.
[2023.02.24-16.52.41:582][  0]LogInit: Setting process to per monitor DPI aware
[2023.02.24-16.52.41:727][  0]LogWindowsTextInputMethodSystem: Display: IME system deactivated.
[2023.02.24-16.52.42:544][  0]LogSlate: New Slate User Created.  User Index 0, Is Virtual User: 0
[2023.02.24-16.52.42:544][  0]LogSlate: Slate User Registered.  User Index 0, Is Virtual User: 0
[2023.02.24-16.52.51:994][  0]LogD3D11RHI: Loaded GFSDK_Aftermath_Lib.x64.dll
[2023.02.24-16.52.51:997][  0]LogHMD: Failed to initialize OpenVR with code 110
[2023.02.24-16.52.51:997][  0]LogD3D11RHI: D3D11 min allowed feature level: 11_0
[2023.02.24-16.52.51:997][  0]LogD3D11RHI: D3D11 max allowed feature level: 11_0
[2023.02.24-16.52.51:997][  0]LogD3D11RHI: D3D11 adapters:
[2023.02.24-16.52.52:120][  0]LogD3D11RHI:    0. 'NVIDIA GeForce GTX 1660' (Feature Level 11_0)
[2023.02.24-16.52.52:120][  0]LogD3D11RHI:       5980/0/8157 MB DedicatedVideo/DedicatedSystem/SharedSystem, Outputs:2, VendorId:0x10de
[2023.02.24-16.52.52:121][  0]LogD3D11RHI:    1. 'Microsoft Basic Render Driver' (Feature Level 11_0)
[2023.02.24-16.52.52:121][  0]LogD3D11RHI:       0/0/8157 MB DedicatedVideo/DedicatedSystem/SharedSystem, Outputs:0, VendorId:0x1414
[2023.02.24-16.52.52:121][  0]LogD3D11RHI: Chosen D3D11 Adapter:
[2023.02.24-16.52.52:121][  0]LogD3D11RHI:     Description : NVIDIA GeForce GTX 1660
[2023.02.24-16.52.52:121][  0]LogD3D11RHI:     VendorId    : 10de
[2023.02.24-16.52.52:121][  0]LogD3D11RHI:     DeviceId    : 2184
[2023.02.24-16.52.52:121][  0]LogD3D11RHI:     SubSysId    : 1325196e
[2023.02.24-16.52.52:121][  0]LogD3D11RHI:     Revision    : 00a1
[2023.02.24-16.52.52:121][  0]LogD3D11RHI:     DedicatedVideoMemory : 6270484480 bytes
[2023.02.24-16.52.52:121][  0]LogD3D11RHI:     DedicatedSystemMemory : 0 bytes
[2023.02.24-16.52.52:121][  0]LogD3D11RHI:     SharedSystemMemory : 8553263104 bytes
[2023.02.24-16.52.52:121][  0]LogD3D11RHI:     AdapterLuid : 0 49456
[2023.02.24-16.52.52:126][  0]LogD3D11RHI: Creating new Direct3DDevice
[2023.02.24-16.52.52:126][  0]LogD3D11RHI:     GPU DeviceId: 0x2184 (for the marketing name, search the web for "GPU Device Id")
[2023.02.24-16.52.52:126][  0]LogWindows: EnumDisplayDevices:
[2023.02.24-16.52.52:126][  0]LogWindows:    0. 'NVIDIA GeForce GTX 1660' (P:1 D:1)
[2023.02.24-16.52.52:126][  0]LogWindows:    1. 'NVIDIA GeForce GTX 1660' (P:0 D:1)
[2023.02.24-16.52.52:127][  0]LogWindows:    2. 'NVIDIA GeForce GTX 1660' (P:0 D:0)
[2023.02.24-16.52.52:127][  0]LogWindows:    3. 'NVIDIA GeForce GTX 1660' (P:0 D:0)
[2023.02.24-16.52.52:127][  0]LogWindows: DebugString: FoundDriverCount:4 
[2023.02.24-16.52.52:127][  0]LogD3D11RHI:     Adapter Name: NVIDIA GeForce GTX 1660
[2023.02.24-16.52.52:127][  0]LogD3D11RHI:   Driver Version: 528.24 (internal:31.0.15.2824, unified:528.24)
[2023.02.24-16.52.52:127][  0]LogD3D11RHI:      Driver Date: 1-15-2023
[2023.02.24-16.52.52:127][  0]LogRHI: Texture pool is 4186 MB (70% of 5980 MB)
[2023.02.24-16.52.52:127][  0]LogD3D11RHI: Creating D3DDevice using adapter:
[2023.02.24-16.52.52:127][  0]LogD3D11RHI:     Description : NVIDIA GeForce GTX 1660
[2023.02.24-16.52.52:127][  0]LogD3D11RHI:     VendorId    : 10de
[2023.02.24-16.52.52:127][  0]LogD3D11RHI:     DeviceId    : 2184
[2023.02.24-16.52.52:127][  0]LogD3D11RHI:     SubSysId    : 1325196e
[2023.02.24-16.52.52:127][  0]LogD3D11RHI:     Revision    : 00a1
[2023.02.24-16.52.52:127][  0]LogD3D11RHI:     DedicatedVideoMemory : 6270484480 bytes
[2023.02.24-16.52.52:127][  0]LogD3D11RHI:     DedicatedSystemMemory : 0 bytes
[2023.02.24-16.52.52:127][  0]LogD3D11RHI:     SharedSystemMemory : 8553263104 bytes
[2023.02.24-16.52.52:127][  0]LogD3D11RHI:     AdapterLuid : 0 49456
[2023.02.24-16.52.52:237][  0]LogD3D11RHI: RHI has support for 64 bit atomics
[2023.02.24-16.52.52:237][  0]LogD3D11RHI: Async texture creation enabled
[2023.02.24-16.52.52:237][  0]LogD3D11RHI: Array index from any shader is supported
[2023.02.24-16.52.52:311][  0]LogD3D11RHI: GPU Timing Frequency: 1000.000000 (Debug: 2 1)
[2023.02.24-16.52.52:594][  0]LogRHI: GeForceNow SDK initialized: 1
[2023.02.24-16.52.58:362][  0]LogTargetPlatformManager: Display: Loaded TargetPlatform 'AllDesktop'
[2023.02.24-16.52.58:416][  0]LogTargetPlatformManager: Display: Loaded TargetPlatform 'Android'
[2023.02.24-16.52.58:416][  0]LogTargetPlatformManager: Display: Loaded TargetPlatform 'Android_ASTC'
[2023.02.24-16.52.58:416][  0]LogTargetPlatformManager: Display: Loaded TargetPlatform 'Android_DXT'
[2023.02.24-16.52.58:416][  0]LogTargetPlatformManager: Display: Loaded TargetPlatform 'Android_ETC2'
[2023.02.24-16.52.58:416][  0]LogTargetPlatformManager: Display: Loaded TargetPlatform 'AndroidClient'
[2023.02.24-16.52.58:416][  0]LogTargetPlatformManager: Display: Loaded TargetPlatform 'Android_ASTCClient'
[2023.02.24-16.52.58:416][  0]LogTargetPlatformManager: Display: Loaded TargetPlatform 'Android_DXTClient'
[2023.02.24-16.52.58:416][  0]LogTargetPlatformManager: Display: Loaded TargetPlatform 'Android_ETC2Client'
[2023.02.24-16.52.58:416][  0]LogTargetPlatformManager: Display: Loaded TargetPlatform 'Android_Multi'
[2023.02.24-16.52.58:416][  0]LogTargetPlatformManager: Display: Loaded TargetPlatform 'Android_MultiClient'
[2023.02.24-16.52.58:626][  0]LogTargetPlatformManager: Display: Loaded TargetPlatform 'IOSClient'
[2023.02.24-16.52.58:626][  0]LogTargetPlatformManager: Display: Loaded TargetPlatform 'IOS'
[2023.02.24-16.52.58:768][  0]LogTargetPlatformManager: Display: Loaded TargetPlatform 'Linux'
[2023.02.24-16.52.58:833][  0]LogTargetPlatformManager: Display: Loaded TargetPlatform 'LinuxNoEditor'
[2023.02.24-16.52.58:873][  0]LogTargetPlatformManager: Display: Loaded TargetPlatform 'LinuxClient'
[2023.02.24-16.52.58:900][  0]LogTargetPlatformManager: Display: Loaded TargetPlatform 'LinuxServer'
[2023.02.24-16.52.58:958][  0]LogTargetPlatformManager: Display: Loaded TargetPlatform 'LinuxAArch64NoEditor'
[2023.02.24-16.52.58:980][  0]LogTargetPlatformManager: Display: Loaded TargetPlatform 'LinuxAArch64Client'
[2023.02.24-16.52.59:006][  0]LogTargetPlatformManager: Display: Loaded TargetPlatform 'LinuxAArch64Server'
[2023.02.24-16.52.59:092][  0]LogTargetPlatformManager: Display: Loaded TargetPlatform 'Lumin'
[2023.02.24-16.52.59:092][  0]LogTargetPlatformManager: Display: Loaded TargetPlatform 'LuminClient'
[2023.02.24-16.52.59:127][  0]LogTargetPlatformManager: Display: Loaded TargetPlatform 'MacNoEditor'
[2023.02.24-16.52.59:144][  0]LogTargetPlatformManager: Display: Loaded TargetPlatform 'Mac'
[2023.02.24-16.52.59:159][  0]LogTargetPlatformManager: Display: Loaded TargetPlatform 'MacClient'
[2023.02.24-16.52.59:175][  0]LogTargetPlatformManager: Display: Loaded TargetPlatform 'MacServer'
[2023.02.24-16.52.59:210][  0]LogTargetPlatformManager: Display: Loaded TargetPlatform 'TVOSClient'
[2023.02.24-16.52.59:211][  0]LogTargetPlatformManager: Display: Loaded TargetPlatform 'TVOS'
[2023.02.24-16.52.59:346][  0]LogTargetPlatformManager: Display: Loaded TargetPlatform 'WindowsNoEditor'
[2023.02.24-16.52.59:379][  0]LogTargetPlatformManager: Display: Loaded TargetPlatform 'Windows'
[2023.02.24-16.52.59:432][  0]LogTargetPlatformManager: Display: Loaded TargetPlatform 'WindowsClient'
[2023.02.24-16.52.59:440][  0]LogTargetPlatformManager: Display: Loaded TargetPlatform 'WindowsServer'
[2023.02.24-16.52.59:440][  0]LogTargetPlatformManager: Display: Building Assets For Windows
[2023.02.24-16.52.59:743][  0]LogAudioDebug: Display: Lib vorbis DLL was dynamically loaded.
[2023.02.24-16.53.00:433][  0]LogTextureFormatOodle: Display: Oodle Texture 2.9.0 init RDO Off
[2023.02.24-16.53.01:486][  0]LogRendererCore: Ray tracing is disabled. Reason: r.RayTracing=0.
[2023.02.24-16.53.01:487][  0]LogShaderCompilers: Guid format shader working directory is -29 characters bigger than the processId version (../../../../../../Users/Bogda/Documents/GitHub/Nightmare_Worlds_Collide/NWC/Intermediate/Shaders/WorkingDirectory/4216/).
[2023.02.24-16.53.01:487][  0]LogShaderCompilers: Cleaned the shader compiler working directory 'C:/Users/Bogda/AppData/Local/Temp/UnrealShaderWorkingDir/CE1AEF824623B25FCD6785A37631A7F6/'.
[2023.02.24-16.53.01:487][  0]LogXGEController: Cannot use XGE Controller as Incredibuild is not installed on this machine.
[2023.02.24-16.53.01:487][  0]LogShaderCompilers: Cannot use XGE Shader Compiler as Incredibuild is not installed on this machine.
[2023.02.24-16.53.01:487][  0]LogShaderCompilers: Display: Using Local Shader Compiler.
[2023.02.24-16.53.15:315][  0]LogDerivedDataCache: Display: Max Cache Size: 512 MB
[2023.02.24-16.53.16:936][  0]LogDerivedDataCache: Loaded boot cache 1.53s 119MB C:/Users/Bogda/AppData/Local/UnrealEngine/4.27/DerivedDataCache/Boot.ddc.
[2023.02.24-16.53.16:936][  0]LogDerivedDataCache: Display: Loaded Boot cache: C:/Users/Bogda/AppData/Local/UnrealEngine/4.27/DerivedDataCache/Boot.ddc
[2023.02.24-16.53.16:936][  0]LogDerivedDataCache: FDerivedDataBackendGraph:  Pak pak cache file ../../../../../../Users/Bogda/Documents/GitHub/Nightmare_Worlds_Collide/NWC/DerivedDataCache/DDC.ddp not found, will not use a pak cache.
[2023.02.24-16.53.16:936][  0]LogDerivedDataCache: Unable to find inner node Pak for hierarchical cache Hierarchy.
[2023.02.24-16.53.16:936][  0]LogDerivedDataCache: FDerivedDataBackendGraph:  CompressedPak pak cache file ../../../../../../Users/Bogda/Documents/GitHub/Nightmare_Worlds_Collide/NWC/DerivedDataCache/Compressed.ddp not found, will not use a pak cache.
[2023.02.24-16.53.16:936][  0]LogDerivedDataCache: Unable to find inner node CompressedPak for hierarchical cache Hierarchy.
[2023.02.24-16.53.17:092][  0]LogDerivedDataCache: Display: Pak cache opened for reading ../../../Engine/DerivedDataCache/Compressed.ddp.
[2023.02.24-16.53.17:093][  0]LogDerivedDataCache: FDerivedDataBackendGraph:  EnterprisePak pak cache file ../../../Enterprise/DerivedDataCache/Compressed.ddp not found, will not use a pak cache.
[2023.02.24-16.53.17:093][  0]LogDerivedDataCache: Unable to find inner node EnterprisePak for hierarchical cache Hierarchy.
[2023.02.24-16.53.17:177][  0]LogDerivedDataCache: Speed tests for C:/Users/Bogda/AppData/Local/UnrealEngine/Common/DerivedDataCache took 0.08 seconds
[2023.02.24-16.53.17:178][  0]LogDerivedDataCache: Display: Performance to C:/Users/Bogda/AppData/Local/UnrealEngine/Common/DerivedDataCache: Latency=1.43ms. RandomReadSpeed=14.71MBs, RandomWriteSpeed=239.39MBs. Assigned SpeedClass 'Fast'
[2023.02.24-16.53.17:178][  0]LogDerivedDataCache: Using Local data cache path C:/Users/Bogda/AppData/Local/UnrealEngine/Common/DerivedDataCache: Writable
[2023.02.24-16.53.17:178][  0]LogDerivedDataCache: Shared data cache path not found in *engine.ini, will not use an Shared cache.
[2023.02.24-16.53.17:178][  0]LogDerivedDataCache: Unable to find inner node Shared for hierarchical cache Hierarchy.
[2023.02.24-16.53.17:230][  0]LogSlate: Using FreeType 2.10.0
[2023.02.24-16.53.17:377][  0]LogSlate: SlateFontServices - WITH_FREETYPE: 1, WITH_HARFBUZZ: 1
[2023.02.24-16.53.18:000][  0]LogAssetRegistry: FAssetRegistry took 0.0329 seconds to start up
[2023.02.24-16.53.18:398][  0]LogInit: Selected Device Profile: [Windows]
[2023.02.24-16.53.18:398][  0]LogInit: Active device profile: [00000248DCE26A00][00000248DCAE41C0 49] Windows
[2023.02.24-16.53.18:398][  0]LogInit: Profiles: [00000248DCE26A00][00000248DCAE41C0 49] Windows, [00000248DCDED800][00000248DCAEC340 49] WindowsNoEditor, [00000248DCE25800][00000248DCAF04C0 49] WindowsServer, [00000248DCDEE900][00000248DCAF4640 49] WindowsClient, [00000248DCE26B00][00000248DCAF87C0 49] IOS, [00000248DCDED500][00000248DCAFC940 49] iPadAir, [00000248DCE25600][00000248DCB00AC0 49] iPadAir2, [00000248DCDA3300][00000248DCAE8D40 49] IPadPro, [00000248DCDA3400][00000248DCB04D80 49] iPadAir3, [00000248DCE26F00][00000248DCB08EC0 49] iPadAir4, [00000248DCDA1D00][00000248DCB0D000 49] iPadMini2, [00000248DCE25700][00000248DCB11140 49] iPadMini3, [00000248DCDA3900][00000248DCB192C0 49] iPadMini4, [00000248DCE25E00][00000248DCB1D440 49] iPadMini5, [00000248DCDDEC00][00000248DCB25700 49] iPhone6, [00000248DCDDED00][00000248DCB21740 49] iPodTouch6, [00000248DCDA0D00][00000248DCB2DA00 49] iPhone7, [00000248DCDA0C00][00000248DCB29A40 49] iPodTouch7, [00000248DCDDDC00][00000248DCB31BC0 49] iPhone5S, [00000248DCDA3500][00000248DCB341C0 49] iPhone6Plus, [00000248DCDDF300][00000248DCB38340 49] iPhone6S, [00000248DCDA0A00][00000248DCB3C4C0 49] iPhone6SPlus, [00000248DCDDEE00][00000248DCB40640 49] iPhone7Plus, [00000248DCDA1600][00000248DCB447C0 49] iPhoneSE, [00000248DCDDDD00][00000248DCB48940 49] iPhone8, [00000248DCDA2600][00000248DCB4CAC0 49] iPhone8Plus, [00000248DCDDD200][00000248DCB50C40 49] iPhoneX, [00000248DCDA1300][00000248DCB54DC0 49] iPhoneXS, [00000248DCDDC200][00000248DCB58F40 49] iPhoneXSMax, [00000248DCDA1E00][00000248DCB15080 49] iPhoneXR, [00000248DCDDF400][00000248DCB5D1C0 49] iPhone11, [00000248DCDA3700][00000248DCB61300 49] iPhone11Pro, [00000248DCDDD100][00000248DCB69480 49] iPhone11ProMax, [00000248DCDA2B00][00000248DCB6D600 49] iPhoneSE2, [00000248DCDDFF00][00000248DCB71780 49] iPhone12Mini, [00000248DCDA0E00][00000248DCB75900 49] iPhone12, [00000248DCDDCC00][00000248DCB79A80 49] iPhone12Pro, [00000248DCDA3200][00000248DCB7DC00 49] iPhone12ProMax, [00000248DCDDFE00][00000248DCB80200 49] iPadPro105, [00000248DCDA1700][00000248DCB84380 49] iPadPro129, [00000248DCDDEF00][00000248DCB88500 49] iPadPro97, [00000248DCDA2100][00000248DCB8C680 49] iPadPro2_129, [00000248DCDDFB00][00000248DCB90800 49] iPad5, [00000248DCDA3F00][00000248DCB94980 49] iPad6, [00000248DCDDC300][00000248DCB98B00 49] iPad7, [00000248DCDA1200][00000248DCB9CC80 49] iPad8, [00000248DCDDF000][00000248DCBA0E00 49] iPadPro11, [00000248DCE88D00][00000248DCBA4F80 49] iPadPro2_11, [00000248DCDEF600][00000248DCBA9100 49] iPadPro3_129, [00000248DCE88300][00000248DCB65240 49] iPadPro4_129, [00000248DCDEE400][00000248DCBAD380 49] AppleTV, [00000248DCE88B00][00000248DCBB14C0 49] AppleTV4K, [00000248DCDEEA00][00000248DCBB9640 49] TVOS, [00000248DCE89700][00000248DCBBD7C0 49] Mac, [00000248DCDEFA00][00000248DCBC1940 49] MacClient, [00000248DCE89000][00000248DCBC5AC0 49] MacNoEditor, [00000248DCDEEF00][00000248DCBC80C0 49] MacServer, [00000248DCE89600][00000248DCBCC240 49] Linux, [00000248DCDEDB00][00000248DCBD03C0 49] LinuxAArch64, [00000248DCE89400][00000248DCBD4540 49] LinuxNoEditor, [00000248DCDEC600][00000248DCBD86C0 49] LinuxAArch64NoEditor, [00000248DCE88200][00000248DCBDC840 49] LinuxClient, [00000248DCDEE700][00000248DDBF09C0 49] LinuxAArch64Client, [00000248DCDDC900][00000248DDBF4B40 49] LinuxServer, [00000248DCDA2900][00000248DDBF8CC0 49] LinuxAArch64Server, [00000248DCDDE400][00000248DDBFCE40 49] Android, [00000248DCDA2200][00000248DDC00FC0 49] Android_Low, [00000248DCDDD600][00000248DDC05140 49] Android_Mid, [00000248DCDA2400][00000248DDC092C0 49] Android_High, [00000248DCDDFC00][00000248DCBB5400 49] Android_Default, [00000248DCDA1400][00000248DDC0D540 49] Android_Adreno4xx, [00000248DCDDD300][00000248DDC11680 49] Android_Adreno5xx_Low, [00000248DCDA2300][00000248DDC157C0 49] Android_Adreno5xx, [00000248DCDDC100][00000248DDC1D940 49] Android_Adreno6xx, [00000248DCDA2A00][00000248DDC21AC0 49] Android_Adreno6xx_Vulkan, [00000248DCDDF600][00000248DDC240C0 49] Android_Mali_T6xx, [00000248DCDA3A00][00000248DDC28240 49] Android_Mali_T7xx, [00000248DCDDE700][00000248DDC2C3C0 49] Android_Mali_T8xx, [00000248DCDA2E00][00000248DDC30540 49] Android_Mali_G71, [00000248DCDDD900][00000248DDC346C0 49] Android_Mali_G72, [00000248DCDA2500][00000248DDC38840 49] Android_Mali_G72_Vulkan, [00000248DCDDC500][00000248DDC3C9C0 49] Android_Mali_G76, [00000248DCDA1100][00000248DDC40B40 49] Android_Mali_G76_Vulkan, [00000248DCDDC800][00000248DDC44CC0 49] Android_Mali_G77, [00000248DCDA1C00][00000248DDC48E40 49] Android_Mali_G77_Vulkan, [00000248DCDDD400][00000248DDC4CFC0 49] Android_Mali_G78, [00000248DCDA2700][00000248DDC51140 49] Android_Mali_G78_Vulkan, [00000248DCDDD000][00000248DDC552C0 49] Android_Mali_G710, [00000248DCDA1800][00000248DDC59440 49] Android_Mali_G710_Vulkan, [00000248DCDDCD00][00000248DDC19580 49] Android_Vulkan_SM5, [00000248DCDA2000][00000248DDC5D6C0 49] Android_PowerVR_G6xxx, [00000248DCE88400][00000248DDC61800 49] Android_PowerVR_GT7xxx, [00000248DCDA1500][00000248DDC65940 49] Android_PowerVR_GE8xxx, [00000248DCE88F00][00000248DDC6DAC0 49] Android_PowerVR_GM9xxx, [00000248DCDA2C00][00000248DDC700C0 49] Android_PowerVR_GM9xxx_Vulkan, [00000248DCE26700][00000248DDC74240 49] Android_TegraK1, [00000248DCDED200][00000248DDC783C0 49] Android_Unknown_Vulkan, [00000248DCE26200][00000248DDC7C540 49] Lumin, [00000248DCDEEC00][00000248DDC806C0 49] Lumin_Desktop, [00000248DCE26600][00000248DDC84840 49] HoloLens, 
[2023.02.24-16.53.20:270][  0]LogMeshReduction: Using QuadricMeshReduction for automatic static mesh reduction
[2023.02.24-16.53.20:270][  0]LogMeshReduction: Using SimplygonMeshReduction for automatic skeletal mesh reduction
[2023.02.24-16.53.20:270][  0]LogMeshReduction: Using ProxyLODMeshReduction for automatic mesh merging
[2023.02.24-16.53.20:270][  0]LogMeshReduction: No distributed automatic mesh merging module available
[2023.02.24-16.53.20:270][  0]LogMeshMerging: No distributed automatic mesh merging module available
[2023.02.24-16.53.20:706][  0]LogNetVersion: NWC 1.0.0, NetCL: 17155196, EngineNetVer: 17, GameNetVer: 0 (Checksum: 1912982588)
[2023.02.24-16.53.55:667][  0]LogTexture: Default maximum texture size for cubemaps generated from long-lat sources has been changed from 512 to unlimited. In order to preserve old behaiour for '/Engine/MapTemplates/Sky/DaylightAmbientCubemap.DaylightAmbientCubemap', its maximum texture size has been explicitly set to 512.
[2023.02.24-16.53.56:347][  0]LogHMD: PokeAHoleMaterial loaded successfully
[2023.02.24-16.53.56:411][  0]LogUObjectArray: 17178 objects as part of root set at end of initial load.
[2023.02.24-16.53.56:411][  0]LogUObjectAllocator: 4302048 out of 0 bytes used by permanent object pool.
[2023.02.24-16.53.56:411][  0]LogUObjectArray: CloseDisregardForGC: 0/0 objects in disregard for GC pool
[2023.02.24-16.54.01:112][  0]LogNiagaraDebuggerClient: Niagara Debugger Client Initialized | Session: 75578E2F4E54C33D31ADAD9EB85AD295 | Instance: E6C9D6074DC1AEB2006058B5D2BF60A4 (DESKTOP-U7QK1P2-4216).
[2023.02.24-16.54.02:957][  0]LogPython: Using Python 3.7.7
[2023.02.24-16.54.04:654][  0]LogTcpMessaging: Initializing TcpMessaging bridge
[2023.02.24-16.54.04:690][  0]LogUdpMessaging: Initializing bridge on interface 0.0.0.0:0 to multicast group 230.0.0.1:6666.
[2023.02.24-16.54.08:210][  0]SourceControl: Source control is disabled
[2023.02.24-16.54.08:210][  0]SourceControl: Source control is disabled
[2023.02.24-16.54.08:508][  0]SourceControl: Source control is disabled
[2023.02.24-16.54.08:537][  0]SourceControl: Source control is disabled
[2023.02.24-16.54.08:587][  0]SourceControl: Source control is disabled
[2023.02.24-16.54.08:623][  0]LogUProjectInfo: Found projects:
[2023.02.24-16.54.08:649][  0]LogVSAccessor: Display: Unable to create Visual Studio setup instance: 80040154
[2023.02.24-16.54.08:649][  0]LogVSAccessor: Display: Unable to create Visual Studio setup instance: 80040154
[2023.02.24-16.54.08:650][  0]LogVSAccessor: Display: Unable to create Visual Studio setup instance: 80040154
[2023.02.24-16.54.12:457][  0]LogOpenImageDenoise: OIDN starting up
[2023.02.24-16.54.12:595][  0]LogAndroidPermission: UAndroidPermissionCallbackProxy::GetInstance
[2023.02.24-16.54.12:946][  0]LogAudioCaptureCore: Display: No Audio Capture implementations found. Audio input will be silent.
[2023.02.24-16.54.12:946][  0]LogAudioCaptureCore: Display: No Audio Capture implementations found. Audio input will be silent.
[2023.02.24-16.54.15:012][  0]LogCollectionManager: Loaded 0 collections in 0.002062 seconds
[2023.02.24-16.54.15:357][  0]LogFileCache: Scanning file cache for directory 'C:/Users/Bogda/Documents/GitHub/Nightmare_Worlds_Collide/NWC/Saved/Collections/' took 0.00s
[2023.02.24-16.54.15:357][  0]LogFileCache: Scanning file cache for directory 'C:/Users/Bogda/Documents/GitHub/Nightmare_Worlds_Collide/NWC/Content/Developers/Bogda/Collections/' took 0.00s
[2023.02.24-16.54.15:357][  0]LogFileCache: Scanning file cache for directory 'C:/Users/Bogda/Documents/GitHub/Nightmare_Worlds_Collide/NWC/Content/Collections/' took 0.00s
[2023.02.24-16.54.15:357][  0]LogOcInput: OculusInput pre-init called
[2023.02.24-16.54.17:139][  0]LogEngine: Initializing Engine...
[2023.02.24-16.54.17:301][  0]LogHMD: Failed to enumerate extensions. Please check that you have a valid OpenXR runtime installed.
[2023.02.24-16.54.17:301][  0]LogHMD: Failed to initialize OpenVR with code 110
[2023.02.24-16.54.17:301][  0]LogMagicLeap: Warning: VR disabled because ZI is not enabled.  To enable, in the editor, Edit -> Project Settings -> Plugins -> Magic Leap Plugin -> Enable Zero Iteration
[2023.02.24-16.54.17:320][  0]LogStats: UGameplayTagsManager::InitializeManager -  0.000 s
[2023.02.24-16.54.18:538][  0]LogInit: Initializing FReadOnlyCVARCache
[2023.02.24-16.54.18:623][  0]LogAIModule: Creating AISystem for world Untitled
[2023.02.24-16.54.18:623][  0]LogAudio: Display: Initializing Audio Device Manager...
[2023.02.24-16.54.18:653][  0]LogAudio: Display: Loading Default Audio Settings Objects...
[2023.02.24-16.54.18:672][  0]LogAudio: Display: No default SoundConcurrencyObject specified (or failed to load).
[2023.02.24-16.54.18:684][  0]LogAudio: Display: Audio Device Manager Initialized
[2023.02.24-16.54.18:684][  0]LogAudio: Display: Creating Audio Device:                 Id: 1, Scope: Shared, Realtime: True
[2023.02.24-16.54.18:685][  0]LogAudioMixer: Display: Audio Mixer Platform Settings:
[2023.02.24-16.54.18:685][  0]LogAudioMixer: Display: 	Sample Rate:						  48000
[2023.02.24-16.54.18:685][  0]LogAudioMixer: Display: 	Callback Buffer Frame Size Requested: 1024
[2023.02.24-16.54.18:685][  0]LogAudioMixer: Display: 	Callback Buffer Frame Size To Use:	  1024
[2023.02.24-16.54.18:685][  0]LogAudioMixer: Display: 	Number of buffers to queue:			  2
[2023.02.24-16.54.18:685][  0]LogAudioMixer: Display: 	Max Channels (voices):				  32
[2023.02.24-16.54.18:685][  0]LogAudioMixer: Display: 	Number of Async Source Workers:		  0
[2023.02.24-16.54.18:685][  0]LogAudio: Display: AudioDevice MaxSources: 32
[2023.02.24-16.54.18:685][  0]LogAudio: Display: Audio Spatialization Plugin: None (built-in).
[2023.02.24-16.54.18:685][  0]LogAudio: Display: Audio Reverb Plugin: None (built-in).
[2023.02.24-16.54.18:685][  0]LogAudio: Display: Audio Occlusion Plugin: None (built-in).
[2023.02.24-16.54.18:685][  0]LogAudioMixer: Display: Initializing audio mixer.
[2023.02.24-16.54.18:960][  0]LogAudioMixer: Display: 0: FrontLeft
[2023.02.24-16.54.18:960][  0]LogAudioMixer: Display: 1: FrontRight
[2023.02.24-16.54.19:009][  0]LogAudioMixer: Display: Using Audio Device Speakers (Realtek High Definition Audio)
[2023.02.24-16.54.19:010][  0]LogAudioMixer: Display: Initializing Sound Submixes...
[2023.02.24-16.54.19:055][  0]LogAudioMixer: Display: Creating Master Submix 'MasterSubmixDefault'
[2023.02.24-16.54.19:055][  0]LogAudioMixer: Display: Creating Master Submix 'MasterReverbSubmixDefault'
[2023.02.24-16.54.19:056][  0]LogAudioMixer: Display: Creating Master Submix 'MasterEQSubmixDefault'
[2023.02.24-16.54.19:056][  0]LogAudioMixer: FMixerPlatformXAudio2::StartAudioStream() called
[2023.02.24-16.54.19:056][  0]LogAudioMixer: Display: Output buffers initialized: Frames=1024, Channels=2, Samples=2048
[2023.02.24-16.54.19:057][  0]LogAudioMixer: Display: Starting AudioMixerPlatformInterface::RunInternal()
[2023.02.24-16.54.19:057][  0]LogAudioMixer: Display: FMixerPlatformXAudio2::SubmitBuffer() called for the first time
[2023.02.24-16.54.19:057][  0]LogInit: FAudioDevice initialized.
[2023.02.24-16.54.19:072][  0]LogAudio: Display: Audio Device (ID: 1) registered with world 'Untitled'.
[2023.02.24-16.54.19:072][  0]LogNetVersion: Set ProjectVersion to 1.0.0.0. Version Checksum will be recalculated on next use.
[2023.02.24-16.54.19:428][  0]LogDerivedDataCache: Saved boot cache 0.36s 119MB C:/Users/Bogda/AppData/Local/UnrealEngine/4.27/DerivedDataCache/Boot.ddc.
[2023.02.24-16.54.19:431][  0]LogInit: Texture streaming: Enabled
[2023.02.24-16.54.19:714][  0]LogAnalytics: Display: [UEEditor.Rocket.Release] APIServer = https://datarouter.ol.epicgames.com/. AppVersion = 4.27.2-18319896+++UE4+Release-4.27
[2023.02.24-16.54.19:782][  0]LogEngineSessionManager: EngineSessionManager initialized
[2023.02.24-16.54.19:782][  0]LogEditorSessionSummary: Verbose: Initializing EditorSessionSummaryWriter for editor session tracking
[2023.02.24-16.54.19:851][  0]LogEditorSessionSummary: EditorSessionSummaryWriter initialized
[2023.02.24-16.54.20:037][  0]LogInit: Transaction tracking system initialized
[2023.02.24-16.54.20:547][  0]BlueprintLog: New page: Editor Load
[2023.02.24-16.54.21:922][  0]LocalizationService: Localization service is disabled
[2023.02.24-16.54.22:503][  0]TimingProfiler: Initialize
[2023.02.24-16.54.22:505][  0]TimingProfiler: OnSessionChanged
[2023.02.24-16.54.22:506][  0]LoadingProfiler: Initialize
[2023.02.24-16.54.22:507][  0]LoadingProfiler: OnSessionChanged
[2023.02.24-16.54.22:507][  0]NetworkingProfiler: Initialize
[2023.02.24-16.54.22:508][  0]NetworkingProfiler: OnSessionChanged
[2023.02.24-16.54.22:508][  0]MemoryProfiler: Initialize
[2023.02.24-16.54.22:508][  0]MemoryProfiler: OnSessionChanged
[2023.02.24-16.54.22:548][  0]LogClass: Warning: In asset 'None', there is an enum property of type 'EIOSVersion' with an invalid value of 'IOS_8'
[2023.02.24-16.54.22:548][  0]LogObj: Error: LoadConfig (/Script/IOSRuntimeSettings.Default__IOSRuntimeSettings): import failed for MinimumiOSVersion in: IOS_8
[2023.02.24-16.54.23:445][  0]LogVSAccessor: Display: Unable to create Visual Studio setup instance: 80040154
[2023.02.24-16.54.23:447][  0]LogVSAccessor: Display: Unable to create Visual Studio setup instance: 80040154
[2023.02.24-16.54.23:449][  0]LogVSAccessor: Display: Unable to create Visual Studio setup instance: 80040154
[2023.02.24-16.54.26:732][  0]LogCook: Display: CookSettings for Memory: MemoryMaxUsedVirtual 0MiB, MemoryMaxUsedPhysical 16384MiB, MemoryMinFreeVirtual 0MiB, MemoryMinFreePhysical 1024MiB
[2023.02.24-16.54.26:732][  0]LogCook: Display: Mobile HDR setting 1
[2023.02.24-16.54.26:851][  0]LogFileCache: Scanning file cache for directory 'C:/Users/Bogda/Documents/GitHub/Nightmare_Worlds_Collide/NWC/Content/' took 0.15s
[2023.02.24-16.54.33:586][  0]LogInit: Display: Engine is initialized. Leaving FEngineLoop::Init()
[2023.02.24-16.54.33:979][  0]SourceControl: Source control is disabled
[2023.02.24-16.54.33:979][  0]LogUnrealEdMisc: Loading editor; pre map load, took 215.719
[2023.02.24-16.54.34:005][  0]Cmd: MAP LOAD FILE="../../../../../../Users/Bogda/Documents/GitHub/Nightmare_Worlds_Collide/NWC/Content/Bogdan/Levels/Cabin/Ben_Cabin.umap" TEMPLATE=0 SHOWPROGRESS=1 FEATURELEVEL=3
[2023.02.24-16.54.34:026][  0]LightingResults: New page: Lighting Build
[2023.02.24-16.54.34:246][  0]LogWorld: UWorld::CleanupWorld for Untitled, bSessionEnded=true, bCleanupResources=true
[2023.02.24-16.54.34:247][  0]LogSlate: InvalidateAllWidgets triggered.  All widgets were invalidated
[2023.02.24-16.54.34:247][  0]MapCheck: New page: Map Check
[2023.02.24-16.54.34:247][  0]LightingResults: New page: Lighting Build
[2023.02.24-16.54.34:252][  0]LogAudio: Display: Audio Device unregistered from world 'None'.
[2023.02.24-16.54.34:254][  0]LogUObjectHash: Compacting FUObjectHashTables data took   0.69ms
[2023.02.24-16.54.39:401][  0]LogBlueprint: Warning: [AssetLog] C:\Users\Bogda\Documents\GitHub\Nightmare_Worlds_Collide\NWC\Content\QuestKitMini1\Demo\FirstPersonBP\FirstPersonCharacter.uasset: [Compiler] InputAction Event references unknown Action 'ResetVR' for  InputAction ResetVR
[2023.02.24-16.54.39:402][  0]LogBlueprint: Warning: [AssetLog] C:\Users\Bogda\Documents\GitHub\Nightmare_Worlds_Collide\NWC\Content\QuestKitMini1\Demo\FirstPersonBP\FirstPersonCharacter.uasset: [Compiler] InputAction Event references unknown Action 'Fire' for  InputAction Fire
[2023.02.24-16.54.39:403][  0]LogBlueprint: Warning: [AssetLog] C:\Users\Bogda\Documents\GitHub\Nightmare_Worlds_Collide\NWC\Content\QuestKitMini1\Demo\FirstPersonBP\FirstPersonCharacter.uasset: [Compiler] InputAction Event references unknown Action 'Jump' for  InputAction Jump
[2023.02.24-16.55.24:754][  0]LogAudio: Display: Audio Device (ID: 1) registered with world 'Ben_Cabin'.
[2023.02.24-16.55.24:755][  0]LogAIModule: Creating AISystem for world Ben_Cabin
[2023.02.24-16.55.32:586][  0]LogEditorServer: Finished looking for orphan Actors (0.000 secs)
[2023.02.24-16.55.32:601][  0]LogUObjectHash: Compacting FUObjectHashTables data took   1.13ms
[2023.02.24-16.55.32:679][  0]Cmd: MAP CHECKDEP NOCLEARLOG
[2023.02.24-16.55.32:680][  0]MapCheck: Map check complete: 0 Error(s), 0 Warning(s), took 0.295ms to complete.
[2023.02.24-16.55.32:680][  0]LogFileHelpers: Loading map 'Ben_Cabin' took 58.675
[2023.02.24-16.55.32:843][  0]LogUnrealEdMisc: Total Editor Startup Time, took 274.583
[2023.02.24-16.55.33:397][  0]LogSlate: Updating window title bar state: overlay mode, drag disabled, window buttons hidden, title bar hidden
[2023.02.24-16.55.33:413][  0]LogSlate: Updating window title bar state: overlay mode, drag disabled, window buttons hidden, title bar hidden
[2023.02.24-16.55.33:424][  0]LogSlate: Updating window title bar state: overlay mode, drag disabled, window buttons hidden, title bar hidden
[2023.02.24-16.55.33:430][  0]LogSlate: Updating window title bar state: overlay mode, drag disabled, window buttons hidden, title bar hidden
[2023.02.24-16.55.33:487][  0]LogNativeClassHierarchy: Verbose: Native class hierarchy populated in 0.0086 seconds. Added 3822 classes and 928 folders.
[2023.02.24-16.55.33:520][  0]LogNativeClassHierarchy: Verbose: Native class hierarchy updated for 'WidgetCarousel' in 0.0002 seconds. Added 0 classes and 0 folders.
[2023.02.24-16.55.33:818][  0]LogPakFile: PakFile PrimaryIndexSize=187
[2023.02.24-16.55.33:818][  0]LogPakFile: PakFile PathHashIndexSize=101
[2023.02.24-16.55.33:818][  0]LogPakFile: PakFile FullDirectoryIndexSize=148
[2023.02.24-16.55.33:818][  0]LogShaderLibrary: Display: ShaderCodeLibraryPakFileMountedCallback: PakFile 'C:/Program Files/Epic Games/UE_4.27/FeaturePacks/FP_FirstPerson.upack' (chunk index -1, root 'root:/') mounted
[2023.02.24-16.55.33:819][  0]LogShaderLibrary: Display: ShaderCodeLibraryPakFileMountedCallback: pending pak file info (ChunkID:-1 Root:root:/ File:C:/Program Files/Epic Games/UE_4.27/FeaturePacks/FP_FirstPerson.upack)
[2023.02.24-16.55.33:819][  0]LogPakFile: OnPakFileMounted2Time == 0.000271
[2023.02.24-16.55.33:853][  0]LogPakFile: PakFile PrimaryIndexSize=189
[2023.02.24-16.55.33:853][  0]LogPakFile: PakFile PathHashIndexSize=101
[2023.02.24-16.55.33:853][  0]LogPakFile: PakFile FullDirectoryIndexSize=152
[2023.02.24-16.55.33:853][  0]LogShaderLibrary: Display: ShaderCodeLibraryPakFileMountedCallback: PakFile 'C:/Program Files/Epic Games/UE_4.27/FeaturePacks/FP_FirstPersonBP.upack' (chunk index -1, root 'root:/') mounted
[2023.02.24-16.55.33:853][  0]LogShaderLibrary: Display: ShaderCodeLibraryPakFileMountedCallback: pending pak file info (ChunkID:-1 Root:root:/ File:C:/Program Files/Epic Games/UE_4.27/FeaturePacks/FP_FirstPersonBP.upack)
[2023.02.24-16.55.33:853][  0]LogPakFile: OnPakFileMounted2Time == 0.000043
[2023.02.24-16.55.33:879][  0]LogPakFile: PakFile PrimaryIndexSize=191
[2023.02.24-16.55.33:879][  0]LogPakFile: PakFile PathHashIndexSize=101
[2023.02.24-16.55.33:879][  0]LogPakFile: PakFile FullDirectoryIndexSize=160
[2023.02.24-16.55.33:879][  0]LogShaderLibrary: Display: ShaderCodeLibraryPakFileMountedCallback: PakFile 'C:/Program Files/Epic Games/UE_4.27/FeaturePacks/MobileStarterContent.upack' (chunk index -1, root 'root:/') mounted
[2023.02.24-16.55.33:879][  0]LogShaderLibrary: Display: ShaderCodeLibraryPakFileMountedCallback: pending pak file info (ChunkID:-1 Root:root:/ File:C:/Program Files/Epic Games/UE_4.27/FeaturePacks/MobileStarterContent.upack)
[2023.02.24-16.55.33:879][  0]LogPakFile: OnPakFileMounted2Time == 0.000046
[2023.02.24-16.55.33:892][  0]LogPakFile: PakFile PrimaryIndexSize=185
[2023.02.24-16.55.33:892][  0]LogPakFile: PakFile PathHashIndexSize=101
[2023.02.24-16.55.33:892][  0]LogPakFile: PakFile FullDirectoryIndexSize=148
[2023.02.24-16.55.33:892][  0]LogShaderLibrary: Display: ShaderCodeLibraryPakFileMountedCallback: PakFile 'C:/Program Files/Epic Games/UE_4.27/FeaturePacks/StarterContent.upack' (chunk index -1, root 'root:/') mounted
[2023.02.24-16.55.33:892][  0]LogShaderLibrary: Display: ShaderCodeLibraryPakFileMountedCallback: pending pak file info (ChunkID:-1 Root:root:/ File:C:/Program Files/Epic Games/UE_4.27/FeaturePacks/StarterContent.upack)
[2023.02.24-16.55.33:892][  0]LogPakFile: OnPakFileMounted2Time == 0.000069
[2023.02.24-16.55.33:909][  0]LogPakFile: PakFile PrimaryIndexSize=190
[2023.02.24-16.55.33:909][  0]LogPakFile: PakFile PathHashIndexSize=101
[2023.02.24-16.55.33:909][  0]LogPakFile: PakFile FullDirectoryIndexSize=154
[2023.02.24-16.55.33:910][  0]LogShaderLibrary: Display: ShaderCodeLibraryPakFileMountedCallback: PakFile 'C:/Program Files/Epic Games/UE_4.27/FeaturePacks/TP_2DSideScroller.upack' (chunk index -1, root 'root:/') mounted
[2023.02.24-16.55.33:910][  0]LogShaderLibrary: Display: ShaderCodeLibraryPakFileMountedCallback: pending pak file info (ChunkID:-1 Root:root:/ File:C:/Program Files/Epic Games/UE_4.27/FeaturePacks/TP_2DSideScroller.upack)
[2023.02.24-16.55.33:910][  0]LogPakFile: OnPakFileMounted2Time == 0.000067
[2023.02.24-16.55.33:988][  0]LogPakFile: PakFile PrimaryIndexSize=192
[2023.02.24-16.55.33:988][  0]LogPakFile: PakFile PathHashIndexSize=101
[2023.02.24-16.55.33:988][  0]LogPakFile: PakFile FullDirectoryIndexSize=158
[2023.02.24-16.55.33:988][  0]LogShaderLibrary: Display: ShaderCodeLibraryPakFileMountedCallback: PakFile 'C:/Program Files/Epic Games/UE_4.27/FeaturePacks/TP_2DSideScrollerBP.upack' (chunk index -1, root 'root:/') mounted
[2023.02.24-16.55.33:988][  0]LogShaderLibrary: Display: ShaderCodeLibraryPakFileMountedCallback: pending pak file info (ChunkID:-1 Root:root:/ File:C:/Program Files/Epic Games/UE_4.27/FeaturePacks/TP_2DSideScrollerBP.upack)
[2023.02.24-16.55.33:988][  0]LogPakFile: OnPakFileMounted2Time == 0.000163
[2023.02.24-16.55.34:029][  0]LogPakFile: PakFile PrimaryIndexSize=182
[2023.02.24-16.55.34:029][  0]LogPakFile: PakFile PathHashIndexSize=101
[2023.02.24-16.55.34:030][  0]LogPakFile: PakFile FullDirectoryIndexSize=138
[2023.02.24-16.55.34:030][  0]LogShaderLibrary: Display: ShaderCodeLibraryPakFileMountedCallback: PakFile 'C:/Program Files/Epic Games/UE_4.27/FeaturePacks/TP_Flying.upack' (chunk index -1, root 'root:/') mounted
[2023.02.24-16.55.34:030][  0]LogShaderLibrary: Display: ShaderCodeLibraryPakFileMountedCallback: pending pak file info (ChunkID:-1 Root:root:/ File:C:/Program Files/Epic Games/UE_4.27/FeaturePacks/TP_Flying.upack)
[2023.02.24-16.55.34:030][  0]LogPakFile: OnPakFileMounted2Time == 0.000170
[2023.02.24-16.55.34:039][  0]LogPakFile: PakFile PrimaryIndexSize=184
[2023.02.24-16.55.34:039][  0]LogPakFile: PakFile PathHashIndexSize=101
[2023.02.24-16.55.34:039][  0]LogPakFile: PakFile FullDirectoryIndexSize=142
[2023.02.24-16.55.34:039][  0]LogShaderLibrary: Display: ShaderCodeLibraryPakFileMountedCallback: PakFile 'C:/Program Files/Epic Games/UE_4.27/FeaturePacks/TP_FlyingBP.upack' (chunk index -1, root 'root:/') mounted
[2023.02.24-16.55.34:039][  0]LogShaderLibrary: Display: ShaderCodeLibraryPakFileMountedCallback: pending pak file info (ChunkID:-1 Root:root:/ File:C:/Program Files/Epic Games/UE_4.27/FeaturePacks/TP_FlyingBP.upack)
[2023.02.24-16.55.34:039][  0]LogPakFile: OnPakFileMounted2Time == 0.000171
[2023.02.24-16.55.34:167][  0]LogPakFile: PakFile PrimaryIndexSize=188
[2023.02.24-16.55.34:167][  0]LogPakFile: PakFile PathHashIndexSize=101
[2023.02.24-16.55.34:167][  0]LogPakFile: PakFile FullDirectoryIndexSize=150
[2023.02.24-16.55.34:167][  0]LogShaderLibrary: Display: ShaderCodeLibraryPakFileMountedCallback: PakFile 'C:/Program Files/Epic Games/UE_4.27/FeaturePacks/TP_HandheldARBP.upack' (chunk index -1, root 'root:/') mounted
[2023.02.24-16.55.34:167][  0]LogShaderLibrary: Display: ShaderCodeLibraryPakFileMountedCallback: pending pak file info (ChunkID:-1 Root:root:/ File:C:/Program Files/Epic Games/UE_4.27/FeaturePacks/TP_HandheldARBP.upack)
[2023.02.24-16.55.34:167][  0]LogPakFile: OnPakFileMounted2Time == 0.000162
[2023.02.24-16.55.34:259][  0]LogPakFile: PakFile PrimaryIndexSize=182
[2023.02.24-16.55.34:259][  0]LogPakFile: PakFile PathHashIndexSize=101
[2023.02.24-16.55.34:259][  0]LogPakFile: PakFile FullDirectoryIndexSize=138
[2023.02.24-16.55.34:259][  0]LogShaderLibrary: Display: ShaderCodeLibraryPakFileMountedCallback: PakFile 'C:/Program Files/Epic Games/UE_4.27/FeaturePacks/TP_Puzzle.upack' (chunk index -1, root 'root:/') mounted
[2023.02.24-16.55.34:259][  0]LogShaderLibrary: Display: ShaderCodeLibraryPakFileMountedCallback: pending pak file info (ChunkID:-1 Root:root:/ File:C:/Program Files/Epic Games/UE_4.27/FeaturePacks/TP_Puzzle.upack)
[2023.02.24-16.55.34:259][  0]LogPakFile: OnPakFileMounted2Time == 0.000037
[2023.02.24-16.55.34:283][  0]LogPakFile: PakFile PrimaryIndexSize=184
[2023.02.24-16.55.34:283][  0]LogPakFile: PakFile PathHashIndexSize=101
[2023.02.24-16.55.34:283][  0]LogPakFile: PakFile FullDirectoryIndexSize=142
[2023.02.24-16.55.34:283][  0]LogShaderLibrary: Display: ShaderCodeLibraryPakFileMountedCallback: PakFile 'C:/Program Files/Epic Games/UE_4.27/FeaturePacks/TP_PuzzleBP.upack' (chunk index -1, root 'root:/') mounted
[2023.02.24-16.55.34:283][  0]LogShaderLibrary: Display: ShaderCodeLibraryPakFileMountedCallback: pending pak file info (ChunkID:-1 Root:root:/ File:C:/Program Files/Epic Games/UE_4.27/FeaturePacks/TP_PuzzleBP.upack)
[2023.02.24-16.55.34:283][  0]LogPakFile: OnPakFileMounted2Time == 0.000037
[2023.02.24-16.55.34:328][  0]LogPakFile: PakFile PrimaryIndexSize=183
[2023.02.24-16.55.34:328][  0]LogPakFile: PakFile PathHashIndexSize=101
[2023.02.24-16.55.34:328][  0]LogPakFile: PakFile FullDirectoryIndexSize=140
[2023.02.24-16.55.34:328][  0]LogShaderLibrary: Display: ShaderCodeLibraryPakFileMountedCallback: PakFile 'C:/Program Files/Epic Games/UE_4.27/FeaturePacks/TP_Rolling.upack' (chunk index -1, root 'root:/') mounted
[2023.02.24-16.55.34:328][  0]LogShaderLibrary: Display: ShaderCodeLibraryPakFileMountedCallback: pending pak file info (ChunkID:-1 Root:root:/ File:C:/Program Files/Epic Games/UE_4.27/FeaturePacks/TP_Rolling.upack)
[2023.02.24-16.55.34:328][  0]LogPakFile: OnPakFileMounted2Time == 0.000041
[2023.02.24-16.55.34:334][  0]LogPakFile: PakFile PrimaryIndexSize=185
[2023.02.24-16.55.34:334][  0]LogPakFile: PakFile PathHashIndexSize=101
[2023.02.24-16.55.34:334][  0]LogPakFile: PakFile FullDirectoryIndexSize=144
[2023.02.24-16.55.34:334][  0]LogShaderLibrary: Display: ShaderCodeLibraryPakFileMountedCallback: PakFile 'C:/Program Files/Epic Games/UE_4.27/FeaturePacks/TP_RollingBP.upack' (chunk index -1, root 'root:/') mounted
[2023.02.24-16.55.34:334][  0]LogShaderLibrary: Display: ShaderCodeLibraryPakFileMountedCallback: pending pak file info (ChunkID:-1 Root:root:/ File:C:/Program Files/Epic Games/UE_4.27/FeaturePacks/TP_RollingBP.upack)
[2023.02.24-16.55.34:334][  0]LogPakFile: OnPakFileMounted2Time == 0.000041
[2023.02.24-16.55.34:343][  0]LogPakFile: PakFile PrimaryIndexSize=188
[2023.02.24-16.55.34:343][  0]LogPakFile: PakFile PathHashIndexSize=101
[2023.02.24-16.55.34:343][  0]LogPakFile: PakFile FullDirectoryIndexSize=150
[2023.02.24-16.55.34:343][  0]LogShaderLibrary: Display: ShaderCodeLibraryPakFileMountedCallback: PakFile 'C:/Program Files/Epic Games/UE_4.27/FeaturePacks/TP_SideScroller.upack' (chunk index -1, root 'root:/') mounted
[2023.02.24-16.55.34:343][  0]LogShaderLibrary: Display: ShaderCodeLibraryPakFileMountedCallback: pending pak file info (ChunkID:-1 Root:root:/ File:C:/Program Files/Epic Games/UE_4.27/FeaturePacks/TP_SideScroller.upack)
[2023.02.24-16.55.34:343][  0]LogPakFile: OnPakFileMounted2Time == 0.000052
[2023.02.24-16.55.34:345][  0]LogPakFile: PakFile PrimaryIndexSize=190
[2023.02.24-16.55.34:346][  0]LogPakFile: PakFile PathHashIndexSize=101
[2023.02.24-16.55.34:346][  0]LogPakFile: PakFile FullDirectoryIndexSize=154
[2023.02.24-16.55.34:346][  0]LogShaderLibrary: Display: ShaderCodeLibraryPakFileMountedCallback: PakFile 'C:/Program Files/Epic Games/UE_4.27/FeaturePacks/TP_SideScrollerBP.upack' (chunk index -1, root 'root:/') mounted
[2023.02.24-16.55.34:346][  0]LogShaderLibrary: Display: ShaderCodeLibraryPakFileMountedCallback: pending pak file info (ChunkID:-1 Root:root:/ File:C:/Program Files/Epic Games/UE_4.27/FeaturePacks/TP_SideScrollerBP.upack)
[2023.02.24-16.55.34:346][  0]LogPakFile: OnPakFileMounted2Time == 0.000032
[2023.02.24-16.55.34:358][  0]LogPakFile: PakFile PrimaryIndexSize=187
[2023.02.24-16.55.34:358][  0]LogPakFile: PakFile PathHashIndexSize=101
[2023.02.24-16.55.34:358][  0]LogPakFile: PakFile FullDirectoryIndexSize=148
[2023.02.24-16.55.34:358][  0]LogShaderLibrary: Display: ShaderCodeLibraryPakFileMountedCallback: PakFile 'C:/Program Files/Epic Games/UE_4.27/FeaturePacks/TP_ThirdPerson.upack' (chunk index -1, root 'root:/') mounted
[2023.02.24-16.55.34:358][  0]LogShaderLibrary: Display: ShaderCodeLibraryPakFileMountedCallback: pending pak file info (ChunkID:-1 Root:root:/ File:C:/Program Files/Epic Games/UE_4.27/FeaturePacks/TP_ThirdPerson.upack)
[2023.02.24-16.55.34:358][  0]LogPakFile: OnPakFileMounted2Time == 0.000036
[2023.02.24-16.55.34:360][  0]LogPakFile: PakFile PrimaryIndexSize=189
[2023.02.24-16.55.34:360][  0]LogPakFile: PakFile PathHashIndexSize=101
[2023.02.24-16.55.34:360][  0]LogPakFile: PakFile FullDirectoryIndexSize=152
[2023.02.24-16.55.34:360][  0]LogShaderLibrary: Display: ShaderCodeLibraryPakFileMountedCallback: PakFile 'C:/Program Files/Epic Games/UE_4.27/FeaturePacks/TP_ThirdPersonBP.upack' (chunk index -1, root 'root:/') mounted
[2023.02.24-16.55.34:360][  0]LogShaderLibrary: Display: ShaderCodeLibraryPakFileMountedCallback: pending pak file info (ChunkID:-1 Root:root:/ File:C:/Program Files/Epic Games/UE_4.27/FeaturePacks/TP_ThirdPersonBP.upack)
[2023.02.24-16.55.34:360][  0]LogPakFile: OnPakFileMounted2Time == 0.000031
[2023.02.24-16.55.34:374][  0]LogPakFile: PakFile PrimaryIndexSize=183
[2023.02.24-16.55.34:374][  0]LogPakFile: PakFile PathHashIndexSize=101
[2023.02.24-16.55.34:374][  0]LogPakFile: PakFile FullDirectoryIndexSize=140
[2023.02.24-16.55.34:374][  0]LogShaderLibrary: Display: ShaderCodeLibraryPakFileMountedCallback: PakFile 'C:/Program Files/Epic Games/UE_4.27/FeaturePacks/TP_TopDown.upack' (chunk index -1, root 'root:/') mounted
[2023.02.24-16.55.34:374][  0]LogShaderLibrary: Display: ShaderCodeLibraryPakFileMountedCallback: pending pak file info (ChunkID:-1 Root:root:/ File:C:/Program Files/Epic Games/UE_4.27/FeaturePacks/TP_TopDown.upack)
[2023.02.24-16.55.34:374][  0]LogPakFile: OnPakFileMounted2Time == 0.000041
[2023.02.24-16.55.34:377][  0]LogPakFile: PakFile PrimaryIndexSize=185
[2023.02.24-16.55.34:377][  0]LogPakFile: PakFile PathHashIndexSize=101
[2023.02.24-16.55.34:377][  0]LogPakFile: PakFile FullDirectoryIndexSize=144
[2023.02.24-16.55.34:377][  0]LogShaderLibrary: Display: ShaderCodeLibraryPakFileMountedCallback: PakFile 'C:/Program Files/Epic Games/UE_4.27/FeaturePacks/TP_TopDownBP.upack' (chunk index -1, root 'root:/') mounted
[2023.02.24-16.55.34:377][  0]LogShaderLibrary: Display: ShaderCodeLibraryPakFileMountedCallback: pending pak file info (ChunkID:-1 Root:root:/ File:C:/Program Files/Epic Games/UE_4.27/FeaturePacks/TP_TopDownBP.upack)
[2023.02.24-16.55.34:377][  0]LogPakFile: OnPakFileMounted2Time == 0.000038
[2023.02.24-16.55.34:393][  0]LogPakFile: PakFile PrimaryIndexSize=185
[2023.02.24-16.55.34:393][  0]LogPakFile: PakFile PathHashIndexSize=101
[2023.02.24-16.55.34:393][  0]LogPakFile: PakFile FullDirectoryIndexSize=144
[2023.02.24-16.55.34:393][  0]LogShaderLibrary: Display: ShaderCodeLibraryPakFileMountedCallback: PakFile 'C:/Program Files/Epic Games/UE_4.27/FeaturePacks/TP_TwinStick.upack' (chunk index -1, root 'root:/') mounted
[2023.02.24-16.55.34:393][  0]LogShaderLibrary: Display: ShaderCodeLibraryPakFileMountedCallback: pending pak file info (ChunkID:-1 Root:root:/ File:C:/Program Files/Epic Games/UE_4.27/FeaturePacks/TP_TwinStick.upack)
[2023.02.24-16.55.34:393][  0]LogPakFile: OnPakFileMounted2Time == 0.000039
[2023.02.24-16.55.34:409][  0]LogPakFile: PakFile PrimaryIndexSize=187
[2023.02.24-16.55.34:409][  0]LogPakFile: PakFile PathHashIndexSize=101
[2023.02.24-16.55.34:409][  0]LogPakFile: PakFile FullDirectoryIndexSize=148
[2023.02.24-16.55.34:409][  0]LogShaderLibrary: Display: ShaderCodeLibraryPakFileMountedCallback: PakFile 'C:/Program Files/Epic Games/UE_4.27/FeaturePacks/TP_TwinStickBP.upack' (chunk index -1, root 'root:/') mounted
[2023.02.24-16.55.34:409][  0]LogShaderLibrary: Display: ShaderCodeLibraryPakFileMountedCallback: pending pak file info (ChunkID:-1 Root:root:/ File:C:/Program Files/Epic Games/UE_4.27/FeaturePacks/TP_TwinStickBP.upack)
[2023.02.24-16.55.34:409][  0]LogPakFile: OnPakFileMounted2Time == 0.000048
[2023.02.24-16.55.34:424][  0]LogPakFile: PakFile PrimaryIndexSize=183
[2023.02.24-16.55.34:424][  0]LogPakFile: PakFile PathHashIndexSize=101
[2023.02.24-16.55.34:424][  0]LogPakFile: PakFile FullDirectoryIndexSize=140
[2023.02.24-16.55.34:424][  0]LogShaderLibrary: Display: ShaderCodeLibraryPakFileMountedCallback: PakFile 'C:/Program Files/Epic Games/UE_4.27/FeaturePacks/TP_Vehicle.upack' (chunk index -1, root 'root:/') mounted
[2023.02.24-16.55.34:424][  0]LogShaderLibrary: Display: ShaderCodeLibraryPakFileMountedCallback: pending pak file info (ChunkID:-1 Root:root:/ File:C:/Program Files/Epic Games/UE_4.27/FeaturePacks/TP_Vehicle.upack)
[2023.02.24-16.55.34:424][  0]LogPakFile: OnPakFileMounted2Time == 0.000033
[2023.02.24-16.55.34:427][  0]LogPakFile: PakFile PrimaryIndexSize=186
[2023.02.24-16.55.34:427][  0]LogPakFile: PakFile PathHashIndexSize=101
[2023.02.24-16.55.34:427][  0]LogPakFile: PakFile FullDirectoryIndexSize=146
[2023.02.24-16.55.34:427][  0]LogShaderLibrary: Display: ShaderCodeLibraryPakFileMountedCallback: PakFile 'C:/Program Files/Epic Games/UE_4.27/FeaturePacks/TP_VehicleAdv.upack' (chunk index -1, root 'root:/') mounted
[2023.02.24-16.55.34:427][  0]LogShaderLibrary: Display: ShaderCodeLibraryPakFileMountedCallback: pending pak file info (ChunkID:-1 Root:root:/ File:C:/Program Files/Epic Games/UE_4.27/FeaturePacks/TP_VehicleAdv.upack)
[2023.02.24-16.55.34:427][  0]LogPakFile: OnPakFileMounted2Time == 0.000034
[2023.02.24-16.55.34:442][  0]LogPakFile: PakFile PrimaryIndexSize=188
[2023.02.24-16.55.34:442][  0]LogPakFile: PakFile PathHashIndexSize=101
[2023.02.24-16.55.34:442][  0]LogPakFile: PakFile FullDirectoryIndexSize=150
[2023.02.24-16.55.34:442][  0]LogShaderLibrary: Display: ShaderCodeLibraryPakFileMountedCallback: PakFile 'C:/Program Files/Epic Games/UE_4.27/FeaturePacks/TP_VehicleAdvBP.upack' (chunk index -1, root 'root:/') mounted
[2023.02.24-16.55.34:442][  0]LogShaderLibrary: Display: ShaderCodeLibraryPakFileMountedCallback: pending pak file info (ChunkID:-1 Root:root:/ File:C:/Program Files/Epic Games/UE_4.27/FeaturePacks/TP_VehicleAdvBP.upack)
[2023.02.24-16.55.34:442][  0]LogPakFile: OnPakFileMounted2Time == 0.000037
[2023.02.24-16.55.34:445][  0]LogPakFile: PakFile PrimaryIndexSize=185
[2023.02.24-16.55.34:445][  0]LogPakFile: PakFile PathHashIndexSize=101
[2023.02.24-16.55.34:445][  0]LogPakFile: PakFile FullDirectoryIndexSize=144
[2023.02.24-16.55.34:445][  0]LogShaderLibrary: Display: ShaderCodeLibraryPakFileMountedCallback: PakFile 'C:/Program Files/Epic Games/UE_4.27/FeaturePacks/TP_VehicleBP.upack' (chunk index -1, root 'root:/') mounted
[2023.02.24-16.55.34:445][  0]LogShaderLibrary: Display: ShaderCodeLibraryPakFileMountedCallback: pending pak file info (ChunkID:-1 Root:root:/ File:C:/Program Files/Epic Games/UE_4.27/FeaturePacks/TP_VehicleBP.upack)
[2023.02.24-16.55.34:445][  0]LogPakFile: OnPakFileMounted2Time == 0.000031
[2023.02.24-16.55.34:448][  0]LogPakFile: PakFile PrimaryIndexSize=192
[2023.02.24-16.55.34:448][  0]LogPakFile: PakFile PathHashIndexSize=101
[2023.02.24-16.55.34:448][  0]LogPakFile: PakFile FullDirectoryIndexSize=158
[2023.02.24-16.55.34:448][  0]LogShaderLibrary: Display: ShaderCodeLibraryPakFileMountedCallback: PakFile 'C:/Program Files/Epic Games/UE_4.27/FeaturePacks/TP_VirtualRealityBP.upack' (chunk index -1, root 'root:/') mounted
[2023.02.24-16.55.34:448][  0]LogShaderLibrary: Display: ShaderCodeLibraryPakFileMountedCallback: pending pak file info (ChunkID:-1 Root:root:/ File:C:/Program Files/Epic Games/UE_4.27/FeaturePacks/TP_VirtualRealityBP.upack)
[2023.02.24-16.55.34:448][  0]LogPakFile: OnPakFileMounted2Time == 0.000031
[2023.02.24-16.55.43:720][  0]LogNativeClassHierarchy: Verbose: Native class hierarchy updated for 'AddContentDialog' in 0.0004 seconds. Added 0 classes and 0 folders.
[2023.02.24-16.55.43:722][  0]LogNativeClassHierarchy: Verbose: Native class hierarchy updated for 'SceneOutliner' in 0.0002 seconds. Added 2 classes and 0 folders.
[2023.02.24-16.55.44:586][  0]LogSlate: Took 0.029832 seconds to synchronously load lazily loaded font '../../../Engine/Content/Slate/Fonts/Roboto-Regular.ttf' (155K)
[2023.02.24-16.55.44:601][  0]LogSlate: Took 0.014921 seconds to synchronously load lazily loaded font '../../../Engine/Content/Editor/Slate/Fonts/FontAwesome.ttf' (139K)
[2023.02.24-16.55.44:799][  0]LogSlate: Took 0.196981 seconds to synchronously load lazily loaded font '../../../Engine/Content/Slate/Fonts/Roboto-Bold.ttf' (160K)
[2023.02.24-16.55.45:492][  0]LogRenderer: Reallocating scene render targets to support 1212x604 Format 10 NumSamples 1 (Frame:1).
[2023.02.24-16.55.45:651][  0]LogSlate: Took 0.088224 seconds to synchronously load lazily loaded font '../../../Engine/Content/Slate/Fonts/Roboto-Light.ttf' (167K)
[2023.02.24-16.55.45:819][  0]LogNativeClassHierarchy: Verbose: Native class hierarchy updated for 'HierarchicalLODOutliner' in 0.0002 seconds. Added 0 classes and 0 folders.
[2023.02.24-16.55.45:831][  0]LogLoad: (Engine Initialization) Total time: 287.57 seconds
[2023.02.24-16.55.45:831][  0]LogLoad: (Engine Initialization) Total Blueprint compile time: 0.00 seconds
[2023.02.24-16.55.46:098][  0]LogContentStreaming: Texture pool size now 3000 MB
[2023.02.24-16.55.46:646][  1]LogAssetRegistry: Asset discovery search completed in 148.6477 seconds
[2023.02.24-16.55.47:018][  1]LogCollectionManager: Fixed up redirectors for 0 collections in 0.000009 seconds (updated 0 objects)
[2023.02.24-16.55.49:114][  8]LogSlate: Took 0.000242 seconds to synchronously load lazily loaded font '../../../Engine/Content/Slate/Fonts/Roboto-Light.ttf' (167K)
[2023.02.24-16.55.51:739][ 16]LogFileCache: Retrieving MD5 hashes for directory 'C:/Users/Bogda/Documents/GitHub/Nightmare_Worlds_Collide/NWC/Content/' took 5.88s
